DEBUG - 2025-09-27 00:56:45 --> Session: Class initialized using 'CodeIgniter\Session\Handlers\FileHandler' driver.
DEBUG - 2025-09-27 00:56:47 --> Session: Class initialized using 'CodeIgniter\Session\Handlers\FileHandler' driver.
DEBUG - 2025-09-27 00:58:40 --> Session: Class initialized using 'CodeIgniter\Session\Handlers\FileHandler' driver.
DEBUG - 2025-09-27 01:00:55 --> Session: Class initialized using 'CodeIgniter\Session\Handlers\FileHandler' driver.
DEBUG - 2025-09-27 01:01:57 --> Session: Class initialized using 'CodeIgniter\Session\Handlers\FileHandler' driver.
DEBUG - 2025-09-27 01:05:22 --> Session: Class initialized using 'CodeIgniter\Session\Handlers\FileHandler' driver.
DEBUG - 2025-09-27 01:05:23 --> Session: Class initialized using 'CodeIgniter\Session\Handlers\FileHandler' driver.
DEBUG - 2025-09-27 01:07:53 --> Session: Class initialized using 'CodeIgniter\Session\Handlers\FileHandler' driver.
DEBUG - 2025-09-27 01:07:53 --> Session: Class initialized using 'CodeIgniter\Session\Handlers\FileHandler' driver.
CRITICAL - 2025-09-27 01:07:53 --> ParseError: syntax error, unexpected token "elseif", expecting end of file
[Method: GET, Route: dashboard]
in APPPATH\Views\templates\header.php on line 277.
 1 SYSTEMPATH\View\View.php(229): CodeIgniter\View\View->CodeIgniter\View\{closure}()
 2 SYSTEMPATH\View\View.php(242): CodeIgniter\View\View->render('templates/header', [], true)
 3 SYSTEMPATH\Common.php(1167): CodeIgniter\View\View->render('auth/dashboard', [], true)
 4 APPPATH\Controllers\BaseController.php(182): view('auth/dashboard', [...])
 5 APPPATH\Controllers\Auth.php(383): App\Controllers\BaseController->render('auth/dashboard', [...])
 6 SYSTEMPATH\CodeIgniter.php(933): App\Controllers\Auth->dashboard()
 7 SYSTEMPATH\CodeIgniter.php(507): CodeIgniter\CodeIgniter->runController(Object(App\Controllers\Auth))
 8 SYSTEMPATH\CodeIgniter.php(354): CodeIgniter\CodeIgniter->handleRequest(null, Object(Config\Cache), false)
 9 SYSTEMPATH\Boot.php(363): CodeIgniter\CodeIgniter->run()
10 SYSTEMPATH\Boot.php(68): CodeIgniter\Boot::runCodeIgniter(Object(CodeIgniter\CodeIgniter))
11 FCPATH\index.php(59): CodeIgniter\Boot::bootWeb(Object(Config\Paths))
DEBUG - 2025-09-27 01:08:12 --> Session: Class initialized using 'CodeIgniter\Session\Handlers\FileHandler' driver.
CRITICAL - 2025-09-27 01:08:12 --> ParseError: syntax error, unexpected token "elseif", expecting end of file
[Method: GET, Route: dashboard]
in APPPATH\Views\templates\header.php on line 356.
 1 SYSTEMPATH\View\View.php(229): CodeIgniter\View\View->CodeIgniter\View\{closure}()
 2 SYSTEMPATH\View\View.php(242): CodeIgniter\View\View->render('templates/header', [], true)
 3 SYSTEMPATH\Common.php(1167): CodeIgniter\View\View->render('auth/dashboard', [], true)
 4 APPPATH\Controllers\BaseController.php(182): view('auth/dashboard', [...])
 5 APPPATH\Controllers\Auth.php(383): App\Controllers\BaseController->render('auth/dashboard', [...])
 6 SYSTEMPATH\CodeIgniter.php(933): App\Controllers\Auth->dashboard()
 7 SYSTEMPATH\CodeIgniter.php(507): CodeIgniter\CodeIgniter->runController(Object(App\Controllers\Auth))
 8 SYSTEMPATH\CodeIgniter.php(354): CodeIgniter\CodeIgniter->handleRequest(null, Object(Config\Cache), false)
 9 SYSTEMPATH\Boot.php(363): CodeIgniter\CodeIgniter->run()
10 SYSTEMPATH\Boot.php(68): CodeIgniter\Boot::runCodeIgniter(Object(CodeIgniter\CodeIgniter))
11 FCPATH\index.php(59): CodeIgniter\Boot::bootWeb(Object(Config\Paths))
DEBUG - 2025-09-27 01:08:13 --> Session: Class initialized using 'CodeIgniter\Session\Handlers\FileHandler' driver.
CRITICAL - 2025-09-27 01:08:14 --> ParseError: syntax error, unexpected token "elseif", expecting end of file
[Method: GET, Route: dashboard]
in APPPATH\Views\templates\header.php on line 356.
 1 SYSTEMPATH\View\View.php(229): CodeIgniter\View\View->CodeIgniter\View\{closure}()
 2 SYSTEMPATH\View\View.php(242): CodeIgniter\View\View->render('templates/header', [], true)
 3 SYSTEMPATH\Common.php(1167): CodeIgniter\View\View->render('auth/dashboard', [], true)
 4 APPPATH\Controllers\BaseController.php(182): view('auth/dashboard', [...])
 5 APPPATH\Controllers\Auth.php(383): App\Controllers\BaseController->render('auth/dashboard', [...])
 6 SYSTEMPATH\CodeIgniter.php(933): App\Controllers\Auth->dashboard()
 7 SYSTEMPATH\CodeIgniter.php(507): CodeIgniter\CodeIgniter->runController(Object(App\Controllers\Auth))
 8 SYSTEMPATH\CodeIgniter.php(354): CodeIgniter\CodeIgniter->handleRequest(null, Object(Config\Cache), false)
 9 SYSTEMPATH\Boot.php(363): CodeIgniter\CodeIgniter->run()
10 SYSTEMPATH\Boot.php(68): CodeIgniter\Boot::runCodeIgniter(Object(CodeIgniter\CodeIgniter))
11 FCPATH\index.php(59): CodeIgniter\Boot::bootWeb(Object(Config\Paths))
DEBUG - 2025-09-27 01:08:22 --> Session: Class initialized using 'CodeIgniter\Session\Handlers\FileHandler' driver.
CRITICAL - 2025-09-27 01:08:22 --> ParseError: syntax error, unexpected token "endif", expecting end of file
[Method: GET, Route: dashboard]
in APPPATH\Views\templates\header.php on line 358.
 1 SYSTEMPATH\View\View.php(229): CodeIgniter\View\View->CodeIgniter\View\{closure}()
 2 SYSTEMPATH\View\View.php(242): CodeIgniter\View\View->render('templates/header', [], true)
 3 SYSTEMPATH\Common.php(1167): CodeIgniter\View\View->render('auth/dashboard', [], true)
 4 APPPATH\Controllers\BaseController.php(182): view('auth/dashboard', [...])
 5 APPPATH\Controllers\Auth.php(383): App\Controllers\BaseController->render('auth/dashboard', [...])
 6 SYSTEMPATH\CodeIgniter.php(933): App\Controllers\Auth->dashboard()
 7 SYSTEMPATH\CodeIgniter.php(507): CodeIgniter\CodeIgniter->runController(Object(App\Controllers\Auth))
 8 SYSTEMPATH\CodeIgniter.php(354): CodeIgniter\CodeIgniter->handleRequest(null, Object(Config\Cache), false)
 9 SYSTEMPATH\Boot.php(363): CodeIgniter\CodeIgniter->run()
10 SYSTEMPATH\Boot.php(68): CodeIgniter\Boot::runCodeIgniter(Object(CodeIgniter\CodeIgniter))
11 FCPATH\index.php(59): CodeIgniter\Boot::bootWeb(Object(Config\Paths))
DEBUG - 2025-09-27 01:08:23 --> Session: Class initialized using 'CodeIgniter\Session\Handlers\FileHandler' driver.
CRITICAL - 2025-09-27 01:08:23 --> ParseError: syntax error, unexpected token "endif", expecting end of file
[Method: GET, Route: dashboard]
in APPPATH\Views\templates\header.php on line 348.
 1 SYSTEMPATH\View\View.php(229): CodeIgniter\View\View->CodeIgniter\View\{closure}()
 2 SYSTEMPATH\View\View.php(242): CodeIgniter\View\View->render('templates/header', [], true)
 3 SYSTEMPATH\Common.php(1167): CodeIgniter\View\View->render('auth/dashboard', [], true)
 4 APPPATH\Controllers\BaseController.php(182): view('auth/dashboard', [...])
 5 APPPATH\Controllers\Auth.php(383): App\Controllers\BaseController->render('auth/dashboard', [...])
 6 SYSTEMPATH\CodeIgniter.php(933): App\Controllers\Auth->dashboard()
 7 SYSTEMPATH\CodeIgniter.php(507): CodeIgniter\CodeIgniter->runController(Object(App\Controllers\Auth))
 8 SYSTEMPATH\CodeIgniter.php(354): CodeIgniter\CodeIgniter->handleRequest(null, Object(Config\Cache), false)
 9 SYSTEMPATH\Boot.php(363): CodeIgniter\CodeIgniter->run()
10 SYSTEMPATH\Boot.php(68): CodeIgniter\Boot::runCodeIgniter(Object(CodeIgniter\CodeIgniter))
11 FCPATH\index.php(59): CodeIgniter\Boot::bootWeb(Object(Config\Paths))
DEBUG - 2025-09-27 01:08:33 --> Session: Class initialized using 'CodeIgniter\Session\Handlers\FileHandler' driver.
CRITICAL - 2025-09-27 01:08:33 --> ParseError: syntax error, unexpected token "endif", expecting end of file
[Method: GET, Route: dashboard]
in APPPATH\Views\templates\header.php on line 352.
 1 SYSTEMPATH\View\View.php(229): CodeIgniter\View\View->CodeIgniter\View\{closure}()
 2 SYSTEMPATH\View\View.php(242): CodeIgniter\View\View->render('templates/header', [], true)
 3 SYSTEMPATH\Common.php(1167): CodeIgniter\View\View->render('auth/dashboard', [], true)
 4 APPPATH\Controllers\BaseController.php(182): view('auth/dashboard', [...])
 5 APPPATH\Controllers\Auth.php(383): App\Controllers\BaseController->render('auth/dashboard', [...])
 6 SYSTEMPATH\CodeIgniter.php(933): App\Controllers\Auth->dashboard()
 7 SYSTEMPATH\CodeIgniter.php(507): CodeIgniter\CodeIgniter->runController(Object(App\Controllers\Auth))
 8 SYSTEMPATH\CodeIgniter.php(354): CodeIgniter\CodeIgniter->handleRequest(null, Object(Config\Cache), false)
 9 SYSTEMPATH\Boot.php(363): CodeIgniter\CodeIgniter->run()
10 SYSTEMPATH\Boot.php(68): CodeIgniter\Boot::runCodeIgniter(Object(CodeIgniter\CodeIgniter))
11 FCPATH\index.php(59): CodeIgniter\Boot::bootWeb(Object(Config\Paths))
DEBUG - 2025-09-27 01:08:38 --> Session: Class initialized using 'CodeIgniter\Session\Handlers\FileHandler' driver.
CRITICAL - 2025-09-27 01:08:38 --> ParseError: syntax error, unexpected token "endif", expecting end of file
[Method: GET, Route: dashboard]
in APPPATH\Views\templates\header.php on line 352.
 1 SYSTEMPATH\View\View.php(229): CodeIgniter\View\View->CodeIgniter\View\{closure}()
 2 SYSTEMPATH\View\View.php(242): CodeIgniter\View\View->render('templates/header', [], true)
 3 SYSTEMPATH\Common.php(1167): CodeIgniter\View\View->render('auth/dashboard', [], true)
 4 APPPATH\Controllers\BaseController.php(182): view('auth/dashboard', [...])
 5 APPPATH\Controllers\Auth.php(383): App\Controllers\BaseController->render('auth/dashboard', [...])
 6 SYSTEMPATH\CodeIgniter.php(933): App\Controllers\Auth->dashboard()
 7 SYSTEMPATH\CodeIgniter.php(507): CodeIgniter\CodeIgniter->runController(Object(App\Controllers\Auth))
 8 SYSTEMPATH\CodeIgniter.php(354): CodeIgniter\CodeIgniter->handleRequest(null, Object(Config\Cache), false)
 9 SYSTEMPATH\Boot.php(363): CodeIgniter\CodeIgniter->run()
10 SYSTEMPATH\Boot.php(68): CodeIgniter\Boot::runCodeIgniter(Object(CodeIgniter\CodeIgniter))
11 FCPATH\index.php(59): CodeIgniter\Boot::bootWeb(Object(Config\Paths))
DEBUG - 2025-09-27 01:13:18 --> Session: Class initialized using 'CodeIgniter\Session\Handlers\FileHandler' driver.
DEBUG - 2025-09-27 01:14:49 --> Session: Class initialized using 'CodeIgniter\Session\Handlers\FileHandler' driver.
DEBUG - 2025-09-27 01:16:14 --> Session: Class initialized using 'CodeIgniter\Session\Handlers\FileHandler' driver.
DEBUG - 2025-09-27 01:16:25 --> Session: Class initialized using 'CodeIgniter\Session\Handlers\FileHandler' driver.
DEBUG - 2025-09-27 01:16:43 --> Session: Class initialized using 'CodeIgniter\Session\Handlers\FileHandler' driver.
DEBUG - 2025-09-27 01:16:58 --> Session: Class initialized using 'CodeIgniter\Session\Handlers\FileHandler' driver.
DEBUG - 2025-09-27 01:17:06 --> Session: Class initialized using 'CodeIgniter\Session\Handlers\FileHandler' driver.
DEBUG - 2025-09-27 01:17:29 --> Session: Class initialized using 'CodeIgniter\Session\Handlers\FileHandler' driver.
DEBUG - 2025-09-27 01:17:31 --> Session: Class initialized using 'CodeIgniter\Session\Handlers\FileHandler' driver.
DEBUG - 2025-09-27 01:17:50 --> Session: Class initialized using 'CodeIgniter\Session\Handlers\FileHandler' driver.
DEBUG - 2025-09-27 01:17:57 --> Session: Class initialized using 'CodeIgniter\Session\Handlers\FileHandler' driver.
DEBUG - 2025-09-27 01:18:20 --> Session: Class initialized using 'CodeIgniter\Session\Handlers\FileHandler' driver.
DEBUG - 2025-09-27 01:18:31 --> Session: Class initialized using 'CodeIgniter\Session\Handlers\FileHandler' driver.
DEBUG - 2025-09-27 01:18:41 --> Session: Class initialized using 'CodeIgniter\Session\Handlers\FileHandler' driver.
DEBUG - 2025-09-27 01:18:53 --> Session: Class initialized using 'CodeIgniter\Session\Handlers\FileHandler' driver.
DEBUG - 2025-09-27 01:19:03 --> Session: Class initialized using 'CodeIgniter\Session\Handlers\FileHandler' driver.
DEBUG - 2025-09-27 01:19:03 --> Session: Class initialized using 'CodeIgniter\Session\Handlers\FileHandler' driver.
DEBUG - 2025-09-27 01:19:12 --> Session: Class initialized using 'CodeIgniter\Session\Handlers\FileHandler' driver.
CRITICAL - 2025-09-27 01:19:18 --> TypeError: App\Libraries\CustomSessionHandler::__construct(): Argument #1 ($savePath) must be of type string, Config\Session given, called in C:\xampp\htdocs\ITE311-MACA\system\Config\Services.php on line 702
[Method: GET, Route: login]
in APPPATH\Libraries\CustomSessionHandler.php on line 9.
 1 SYSTEMPATH\Config\Services.php(702): App\Libraries\CustomSessionHandler->__construct(Object(Config\Session), '::1')
 2 SYSTEMPATH\Config\BaseService.php(312): CodeIgniter\Config\Services::session(Object(Config\Session), false)
 3 SYSTEMPATH\Config\BaseService.php(251): CodeIgniter\Config\BaseService::__callStatic('session', [...])
 4 SYSTEMPATH\Config\Services.php(668): CodeIgniter\Config\BaseService::getSharedInstance('session', null)
 5 SYSTEMPATH\Config\BaseService.php(321): CodeIgniter\Config\Services::session()
 6 SYSTEMPATH\Config\BaseService.php(202): CodeIgniter\Config\BaseService::__callStatic('session', [])
 7 SYSTEMPATH\Common.php(995): CodeIgniter\Config\BaseService::get('session')
 8 SYSTEMPATH\Common.php(968): service('session')
 9 APPPATH\Controllers\BaseController.php(81): session()
10 APPPATH\Controllers\BaseController.php(70): App\Controllers\BaseController->initializeUserData()
11 SYSTEMPATH\CodeIgniter.php(904): App\Controllers\BaseController->initController(Object(CodeIgniter\HTTP\IncomingRequest), Object(CodeIgniter\HTTP\Response), Object(CodeIgniter\Log\Logger))
12 SYSTEMPATH\CodeIgniter.php(498): CodeIgniter\CodeIgniter->createController()
13 SYSTEMPATH\CodeIgniter.php(354): CodeIgniter\CodeIgniter->handleRequest(null, Object(Config\Cache), false)
14 SYSTEMPATH\Boot.php(363): CodeIgniter\CodeIgniter->run()
15 SYSTEMPATH\Boot.php(68): CodeIgniter\Boot::runCodeIgniter(Object(CodeIgniter\CodeIgniter))
16 FCPATH\index.php(59): CodeIgniter\Boot::bootWeb(Object(Config\Paths))
CRITICAL - 2025-09-27 01:19:58 --> TypeError: App\Libraries\CustomSessionHandler::__construct(): Argument #1 ($savePath) must be of type string, Config\Session given, called in C:\xampp\htdocs\ITE311-MACA\system\Config\Services.php on line 702
[Method: GET, Route: login]
in APPPATH\Libraries\CustomSessionHandler.php on line 9.
 1 SYSTEMPATH\Config\Services.php(702): App\Libraries\CustomSessionHandler->__construct(Object(Config\Session), '::1')
 2 SYSTEMPATH\Config\BaseService.php(312): CodeIgniter\Config\Services::session(Object(Config\Session), false)
 3 SYSTEMPATH\Config\BaseService.php(251): CodeIgniter\Config\BaseService::__callStatic('session', [...])
 4 SYSTEMPATH\Config\Services.php(668): CodeIgniter\Config\BaseService::getSharedInstance('session', null)
 5 SYSTEMPATH\Config\BaseService.php(321): CodeIgniter\Config\Services::session()
 6 SYSTEMPATH\Config\BaseService.php(202): CodeIgniter\Config\BaseService::__callStatic('session', [])
 7 SYSTEMPATH\Common.php(995): CodeIgniter\Config\BaseService::get('session')
 8 SYSTEMPATH\Common.php(968): service('session')
 9 APPPATH\Controllers\BaseController.php(81): session()
10 APPPATH\Controllers\BaseController.php(70): App\Controllers\BaseController->initializeUserData()
11 SYSTEMPATH\CodeIgniter.php(904): App\Controllers\BaseController->initController(Object(CodeIgniter\HTTP\IncomingRequest), Object(CodeIgniter\HTTP\Response), Object(CodeIgniter\Log\Logger))
12 SYSTEMPATH\CodeIgniter.php(498): CodeIgniter\CodeIgniter->createController()
13 SYSTEMPATH\CodeIgniter.php(354): CodeIgniter\CodeIgniter->handleRequest(null, Object(Config\Cache), false)
14 SYSTEMPATH\Boot.php(363): CodeIgniter\CodeIgniter->run()
15 SYSTEMPATH\Boot.php(68): CodeIgniter\Boot::runCodeIgniter(Object(CodeIgniter\CodeIgniter))
16 FCPATH\index.php(59): CodeIgniter\Boot::bootWeb(Object(Config\Paths))
DEBUG - 2025-09-27 01:21:47 --> Session: Class initialized using 'App\Libraries\CustomSessionHandler' driver.
DEBUG - 2025-09-27 01:22:37 --> Session: Class initialized using 'App\Libraries\CustomSessionHandler' driver.
DEBUG - 2025-09-27 01:22:41 --> Session: Class initialized using 'App\Libraries\CustomSessionHandler' driver.
DEBUG - 2025-09-27 01:22:43 --> Session: Class initialized using 'App\Libraries\CustomSessionHandler' driver.
DEBUG - 2025-09-27 01:22:44 --> Session: Class initialized using 'App\Libraries\CustomSessionHandler' driver.
DEBUG - 2025-09-27 01:29:09 --> Session: Class initialized using 'App\Libraries\CustomSessionHandler' driver.
DEBUG - 2025-09-27 01:29:26 --> Session: Class initialized using 'App\Libraries\CustomSessionHandler' driver.
DEBUG - 2025-09-27 01:29:34 --> Session: Class initialized using 'App\Libraries\CustomSessionHandler' driver.
DEBUG - 2025-09-27 01:29:48 --> Session: Class initialized using 'App\Libraries\CustomSessionHandler' driver.
DEBUG - 2025-09-27 01:29:59 --> Session: Class initialized using 'App\Libraries\CustomSessionHandler' driver.
DEBUG - 2025-09-27 01:31:47 --> Session: Class initialized using 'App\Libraries\CustomSessionHandler' driver.
DEBUG - 2025-09-27 01:32:18 --> Session: Class initialized using 'App\Libraries\CustomSessionHandler' driver.
DEBUG - 2025-09-27 01:32:41 --> Session: Class initialized using 'App\Libraries\CustomSessionHandler' driver.
DEBUG - 2025-09-27 01:33:44 --> Session: Class initialized using 'App\Libraries\CustomSessionHandler' driver.
DEBUG - 2025-09-27 01:33:48 --> Session: Class initialized using 'App\Libraries\CustomSessionHandler' driver.
DEBUG - 2025-09-27 01:35:47 --> Session: Class initialized using 'App\Libraries\CustomSessionHandler' driver.
DEBUG - 2025-09-27 01:35:47 --> Session: Class initialized using 'App\Libraries\CustomSessionHandler' driver.
DEBUG - 2025-09-27 01:40:16 --> Session: Class initialized using 'App\Libraries\CustomSessionHandler' driver.
DEBUG - 2025-09-27 01:41:57 --> Session: Class initialized using 'App\Libraries\CustomSessionHandler' driver.
DEBUG - 2025-09-27 01:42:43 --> Session: Class initialized using 'App\Libraries\CustomSessionHandler' driver.
DEBUG - 2025-09-27 01:42:47 --> Session: Class initialized using 'App\Libraries\CustomSessionHandler' driver.
DEBUG - 2025-09-27 01:43:40 --> Session: Class initialized using 'App\Libraries\CustomSessionHandler' driver.
DEBUG - 2025-09-27 01:44:08 --> Session: Class initialized using 'App\Libraries\CustomSessionHandler' driver.
DEBUG - 2025-09-27 01:45:07 --> Session: Class initialized using 'App\Libraries\CustomSessionHandler' driver.
DEBUG - 2025-09-27 01:46:02 --> Session: Class initialized using 'App\Libraries\CustomSessionHandler' driver.
DEBUG - 2025-09-27 01:46:25 --> Session: Class initialized using 'App\Libraries\CustomSessionHandler' driver.
DEBUG - 2025-09-27 01:46:36 --> Session: Class initialized using 'App\Libraries\CustomSessionHandler' driver.
DEBUG - 2025-09-27 01:46:51 --> Session: Class initialized using 'App\Libraries\CustomSessionHandler' driver.
DEBUG - 2025-09-27 01:46:55 --> Session: Class initialized using 'App\Libraries\CustomSessionHandler' driver.
DEBUG - 2025-09-27 01:47:03 --> Session: Class initialized using 'App\Libraries\CustomSessionHandler' driver.
DEBUG - 2025-09-27 01:47:07 --> Session: Class initialized using 'App\Libraries\CustomSessionHandler' driver.
DEBUG - 2025-09-27 01:47:12 --> Session: Class initialized using 'App\Libraries\CustomSessionHandler' driver.
DEBUG - 2025-09-27 01:47:12 --> Session: Class initialized using 'App\Libraries\CustomSessionHandler' driver.
DEBUG - 2025-09-27 01:48:11 --> Session: Class initialized using 'App\Libraries\CustomSessionHandler' driver.
DEBUG - 2025-09-27 01:48:30 --> Session: Class initialized using 'App\Libraries\CustomSessionHandler' driver.
DEBUG - 2025-09-27 01:48:34 --> Session: Class initialized using 'App\Libraries\CustomSessionHandler' driver.
DEBUG - 2025-09-27 01:48:54 --> Session: Class initialized using 'App\Libraries\CustomSessionHandler' driver.
DEBUG - 2025-09-27 01:48:55 --> Session: Class initialized using 'App\Libraries\CustomSessionHandler' driver.
DEBUG - 2025-09-27 01:49:09 --> Session: Class initialized using 'App\Libraries\CustomSessionHandler' driver.
DEBUG - 2025-09-27 01:52:03 --> Session: Class initialized using 'App\Libraries\CustomSessionHandler' driver.
DEBUG - 2025-09-27 01:52:45 --> Session: Class initialized using 'App\Libraries\CustomSessionHandler' driver.
DEBUG - 2025-09-27 01:53:02 --> Session: Class initialized using 'App\Libraries\CustomSessionHandler' driver.
DEBUG - 2025-09-27 01:53:07 --> Session: Class initialized using 'App\Libraries\CustomSessionHandler' driver.
DEBUG - 2025-09-27 01:53:14 --> Session: Class initialized using 'App\Libraries\CustomSessionHandler' driver.
DEBUG - 2025-09-27 01:53:24 --> Session: Class initialized using 'App\Libraries\CustomSessionHandler' driver.
DEBUG - 2025-09-27 01:54:43 --> Session: Class initialized using 'App\Libraries\CustomSessionHandler' driver.
DEBUG - 2025-09-27 01:54:49 --> Session: Class initialized using 'App\Libraries\CustomSessionHandler' driver.
DEBUG - 2025-09-27 01:54:59 --> Session: Class initialized using 'App\Libraries\CustomSessionHandler' driver.
DEBUG - 2025-09-27 01:55:09 --> Session: Class initialized using 'App\Libraries\CustomSessionHandler' driver.
DEBUG - 2025-09-27 01:55:36 --> Session: Class initialized using 'App\Libraries\CustomSessionHandler' driver.
DEBUG - 2025-09-27 01:55:44 --> Session: Class initialized using 'App\Libraries\CustomSessionHandler' driver.
DEBUG - 2025-09-27 01:55:54 --> Session: Class initialized using 'App\Libraries\CustomSessionHandler' driver.
DEBUG - 2025-09-27 01:56:01 --> Session: Class initialized using 'App\Libraries\CustomSessionHandler' driver.
DEBUG - 2025-09-27 01:56:27 --> Session: Class initialized using 'App\Libraries\CustomSessionHandler' driver.
DEBUG - 2025-09-27 01:56:34 --> Session: Class initialized using 'App\Libraries\CustomSessionHandler' driver.
DEBUG - 2025-09-27 01:56:39 --> Session: Class initialized using 'App\Libraries\CustomSessionHandler' driver.
DEBUG - 2025-09-27 01:57:19 --> Session: Class initialized using 'App\Libraries\CustomSessionHandler' driver.
DEBUG - 2025-09-27 01:57:41 --> Session: Class initialized using 'App\Libraries\CustomSessionHandler' driver.
DEBUG - 2025-09-27 01:58:52 --> Session: Class initialized using 'App\Libraries\CustomSessionHandler' driver.
DEBUG - 2025-09-27 01:58:55 --> Session: Class initialized using 'App\Libraries\CustomSessionHandler' driver.
DEBUG - 2025-09-27 01:59:19 --> Session: Class initialized using 'App\Libraries\CustomSessionHandler' driver.
DEBUG - 2025-09-27 02:02:52 --> Session: Class initialized using 'App\Libraries\CustomSessionHandler' driver.
DEBUG - 2025-09-27 02:02:58 --> Session: Class initialized using 'App\Libraries\CustomSessionHandler' driver.
DEBUG - 2025-09-27 02:04:02 --> Session: Class initialized using 'App\Libraries\CustomSessionHandler' driver.
DEBUG - 2025-09-27 02:04:12 --> Session: Class initialized using 'App\Libraries\CustomSessionHandler' driver.
DEBUG - 2025-09-27 02:08:33 --> Session: Class initialized using 'App\Libraries\CustomSessionHandler' driver.
DEBUG - 2025-09-27 02:13:14 --> Session: Class initialized using 'App\Libraries\CustomSessionHandler' driver.
DEBUG - 2025-09-27 02:13:42 --> Session: Class initialized using 'App\Libraries\CustomSessionHandler' driver.
DEBUG - 2025-09-27 02:14:04 --> Session: Class initialized using 'App\Libraries\CustomSessionHandler' driver.
DEBUG - 2025-09-27 02:14:34 --> Session: Class initialized using 'App\Libraries\CustomSessionHandler' driver.
DEBUG - 2025-09-27 02:14:43 --> Session: Class initialized using 'App\Libraries\CustomSessionHandler' driver.
DEBUG - 2025-09-27 02:14:47 --> Session: Class initialized using 'App\Libraries\CustomSessionHandler' driver.
DEBUG - 2025-09-27 02:16:03 --> Session: Class initialized using 'App\Libraries\CustomSessionHandler' driver.
DEBUG - 2025-09-27 02:23:31 --> Session: Class initialized using 'App\Libraries\CustomSessionHandler' driver.
DEBUG - 2025-09-27 02:23:35 --> Session: Class initialized using 'App\Libraries\CustomSessionHandler' driver.
DEBUG - 2025-09-27 02:23:43 --> Session: Class initialized using 'App\Libraries\CustomSessionHandler' driver.
DEBUG - 2025-09-27 02:24:29 --> Session: Class initialized using 'App\Libraries\CustomSessionHandler' driver.
DEBUG - 2025-09-27 02:24:38 --> Session: Class initialized using 'App\Libraries\CustomSessionHandler' driver.
DEBUG - 2025-09-27 02:24:45 --> Session: Class initialized using 'App\Libraries\CustomSessionHandler' driver.
DEBUG - 2025-09-27 02:24:58 --> Session: Class initialized using 'App\Libraries\CustomSessionHandler' driver.
DEBUG - 2025-09-27 02:25:15 --> Session: Class initialized using 'App\Libraries\CustomSessionHandler' driver.
DEBUG - 2025-09-27 02:25:17 --> Session: Class initialized using 'App\Libraries\CustomSessionHandler' driver.
DEBUG - 2025-09-27 02:25:25 --> Session: Class initialized using 'App\Libraries\CustomSessionHandler' driver.
DEBUG - 2025-09-27 02:25:30 --> Session: Class initialized using 'App\Libraries\CustomSessionHandler' driver.
DEBUG - 2025-09-27 02:25:39 --> Session: Class initialized using 'App\Libraries\CustomSessionHandler' driver.
DEBUG - 2025-09-27 02:25:41 --> Session: Class initialized using 'App\Libraries\CustomSessionHandler' driver.
DEBUG - 2025-09-27 02:26:00 --> Session: Class initialized using 'App\Libraries\CustomSessionHandler' driver.
DEBUG - 2025-09-27 02:26:06 --> Session: Class initialized using 'App\Libraries\CustomSessionHandler' driver.
DEBUG - 2025-09-27 02:26:09 --> Session: Class initialized using 'App\Libraries\CustomSessionHandler' driver.
DEBUG - 2025-09-27 02:27:03 --> Session: Class initialized using 'App\Libraries\CustomSessionHandler' driver.
DEBUG - 2025-09-27 02:27:46 --> Session: Class initialized using 'App\Libraries\CustomSessionHandler' driver.
DEBUG - 2025-09-27 02:29:22 --> Session: Class initialized using 'App\Libraries\CustomSessionHandler' driver.
DEBUG - 2025-09-27 02:29:29 --> Session: Class initialized using 'App\Libraries\CustomSessionHandler' driver.
DEBUG - 2025-09-27 02:29:30 --> Session: Class initialized using 'App\Libraries\CustomSessionHandler' driver.
DEBUG - 2025-09-27 02:29:39 --> Session: Class initialized using 'App\Libraries\CustomSessionHandler' driver.
DEBUG - 2025-09-27 02:30:00 --> Session: Class initialized using 'App\Libraries\CustomSessionHandler' driver.
DEBUG - 2025-09-27 02:30:03 --> Session: Class initialized using 'App\Libraries\CustomSessionHandler' driver.
DEBUG - 2025-09-27 02:30:13 --> Session: Class initialized using 'App\Libraries\CustomSessionHandler' driver.
DEBUG - 2025-09-27 02:30:13 --> Session: Class initialized using 'App\Libraries\CustomSessionHandler' driver.
DEBUG - 2025-09-27 02:30:30 --> Session: Class initialized using 'App\Libraries\CustomSessionHandler' driver.
DEBUG - 2025-09-27 02:30:30 --> Session: Class initialized using 'App\Libraries\CustomSessionHandler' driver.
DEBUG - 2025-09-27 02:35:30 --> Session: Class initialized using 'App\Libraries\CustomSessionHandler' driver.
DEBUG - 2025-09-27 02:35:30 --> Session: Class initialized using 'App\Libraries\CustomSessionHandler' driver.
DEBUG - 2025-09-27 02:35:39 --> Session: Class initialized using 'App\Libraries\CustomSessionHandler' driver.
DEBUG - 2025-09-27 02:35:40 --> Session: Class initialized using 'App\Libraries\CustomSessionHandler' driver.
DEBUG - 2025-09-27 02:36:51 --> Session: Class initialized using 'App\Libraries\CustomSessionHandler' driver.
DEBUG - 2025-09-27 02:36:57 --> Session: Class initialized using 'App\Libraries\CustomSessionHandler' driver.
DEBUG - 2025-09-27 02:37:15 --> Session: Class initialized using 'App\Libraries\CustomSessionHandler' driver.
DEBUG - 2025-09-27 02:37:18 --> Session: Class initialized using 'App\Libraries\CustomSessionHandler' driver.
DEBUG - 2025-09-27 02:37:37 --> Session: Class initialized using 'App\Libraries\CustomSessionHandler' driver.
DEBUG - 2025-09-27 02:37:40 --> Session: Class initialized using 'App\Libraries\CustomSessionHandler' driver.
DEBUG - 2025-09-27 02:37:43 --> Session: Class initialized using 'App\Libraries\CustomSessionHandler' driver.
DEBUG - 2025-09-27 02:37:46 --> Session: Class initialized using 'App\Libraries\CustomSessionHandler' driver.
DEBUG - 2025-09-27 02:37:50 --> Session: Class initialized using 'App\Libraries\CustomSessionHandler' driver.
DEBUG - 2025-09-27 02:37:53 --> Session: Class initialized using 'App\Libraries\CustomSessionHandler' driver.
DEBUG - 2025-09-27 02:37:57 --> Session: Class initialized using 'App\Libraries\CustomSessionHandler' driver.
DEBUG - 2025-09-27 02:38:00 --> Session: Class initialized using 'App\Libraries\CustomSessionHandler' driver.
DEBUG - 2025-09-27 02:38:05 --> Session: Class initialized using 'App\Libraries\CustomSessionHandler' driver.
DEBUG - 2025-09-27 02:38:08 --> Session: Class initialized using 'App\Libraries\CustomSessionHandler' driver.
DEBUG - 2025-09-27 02:38:58 --> Session: Class initialized using 'App\Libraries\CustomSessionHandler' driver.
DEBUG - 2025-09-27 02:38:58 --> Session: Class initialized using 'App\Libraries\CustomSessionHandler' driver.
DEBUG - 2025-09-27 02:39:07 --> Session: Class initialized using 'App\Libraries\CustomSessionHandler' driver.
DEBUG - 2025-09-27 02:39:08 --> Session: Class initialized using 'App\Libraries\CustomSessionHandler' driver.
DEBUG - 2025-09-27 02:40:35 --> Session: Class initialized using 'App\Libraries\CustomSessionHandler' driver.
DEBUG - 2025-09-27 02:40:35 --> Session: Class initialized using 'App\Libraries\CustomSessionHandler' driver.
DEBUG - 2025-09-27 02:40:47 --> Session: Class initialized using 'App\Libraries\CustomSessionHandler' driver.
DEBUG - 2025-09-27 02:40:47 --> Session: Class initialized using 'App\Libraries\CustomSessionHandler' driver.
DEBUG - 2025-09-27 02:41:58 --> Session: Class initialized using 'App\Libraries\CustomSessionHandler' driver.
DEBUG - 2025-09-27 02:41:59 --> Session: Class initialized using 'App\Libraries\CustomSessionHandler' driver.
DEBUG - 2025-09-27 02:42:16 --> Session: Class initialized using 'App\Libraries\CustomSessionHandler' driver.
DEBUG - 2025-09-27 02:42:16 --> Session: Class initialized using 'App\Libraries\CustomSessionHandler' driver.
