DEBUG - 2025-11-28 16:54:30 --> Session: Class initialized using 'App\Libraries\CustomSessionHandler' driver.
DEBUG - 2025-11-28 16:54:31 --> Session: Class initialized using 'App\Libraries\CustomSessionHandler' driver.
DEBUG - 2025-11-28 16:54:38 --> Session: Class initialized using 'App\Libraries\CustomSessionHandler' driver.
DEBUG - 2025-11-28 16:54:42 --> Session: Class initialized using 'App\Libraries\CustomSessionHandler' driver.
DEBUG - 2025-11-28 16:54:43 --> Session: Class initialized using 'App\Libraries\CustomSessionHandler' driver.
DEBUG - 2025-11-28 16:54:44 --> Session: Class initialized using 'App\Libraries\CustomSessionHandler' driver.
DEBUG - 2025-11-28 16:55:11 --> Session: Class initialized using 'App\Libraries\CustomSessionHandler' driver.
WARNING - 2025-11-28 16:55:11 --> [DEPRECATED] Creation of dynamic property App\Controllers\Course::$materialModel is deprecated in APPPATH\Controllers\Course.php on line 16.
 1 SYSTEMPATH\CodeIgniter.php(903): App\Controllers\Course->__construct()
 2 SYSTEMPATH\CodeIgniter.php(498): CodeIgniter\CodeIgniter->createController()
 3 SYSTEMPATH\CodeIgniter.php(354): CodeIgniter\CodeIgniter->handleRequest(null, Object(Config\Cache), false)
 4 SYSTEMPATH\Boot.php(363): CodeIgniter\CodeIgniter->run()
 5 SYSTEMPATH\Boot.php(68): CodeIgniter\Boot::runCodeIgniter(Object(CodeIgniter\CodeIgniter))
 6 FCPATH\index.php(59): CodeIgniter\Boot::bootWeb(Object(Config\Paths))
WARNING - 2025-11-28 16:55:11 --> [DEPRECATED] Creation of dynamic property App\Controllers\Course::$enrollmentModel is deprecated in APPPATH\Controllers\Course.php on line 17.
 1 SYSTEMPATH\CodeIgniter.php(903): App\Controllers\Course->__construct()
 2 SYSTEMPATH\CodeIgniter.php(498): CodeIgniter\CodeIgniter->createController()
 3 SYSTEMPATH\CodeIgniter.php(354): CodeIgniter\CodeIgniter->handleRequest(null, Object(Config\Cache), false)
 4 SYSTEMPATH\Boot.php(363): CodeIgniter\CodeIgniter->run()
 5 SYSTEMPATH\Boot.php(68): CodeIgniter\Boot::runCodeIgniter(Object(CodeIgniter\CodeIgniter))
 6 FCPATH\index.php(59): CodeIgniter\Boot::bootWeb(Object(Config\Paths))
DEBUG - 2025-11-28 16:55:12 --> Session: Class initialized using 'App\Libraries\CustomSessionHandler' driver.
DEBUG - 2025-11-28 16:56:12 --> Session: Class initialized using 'App\Libraries\CustomSessionHandler' driver.
DEBUG - 2025-11-28 16:57:12 --> Session: Class initialized using 'App\Libraries\CustomSessionHandler' driver.
DEBUG - 2025-11-28 16:58:12 --> Session: Class initialized using 'App\Libraries\CustomSessionHandler' driver.
DEBUG - 2025-11-28 16:58:14 --> Session: Class initialized using 'App\Libraries\CustomSessionHandler' driver.
WARNING - 2025-11-28 16:58:14 --> [DEPRECATED] Creation of dynamic property App\Controllers\Course::$materialModel is deprecated in APPPATH\Controllers\Course.php on line 16.
 1 SYSTEMPATH\CodeIgniter.php(903): App\Controllers\Course->__construct()
 2 SYSTEMPATH\CodeIgniter.php(498): CodeIgniter\CodeIgniter->createController()
 3 SYSTEMPATH\CodeIgniter.php(354): CodeIgniter\CodeIgniter->handleRequest(null, Object(Config\Cache), false)
 4 SYSTEMPATH\Boot.php(363): CodeIgniter\CodeIgniter->run()
 5 SYSTEMPATH\Boot.php(68): CodeIgniter\Boot::runCodeIgniter(Object(CodeIgniter\CodeIgniter))
 6 FCPATH\index.php(59): CodeIgniter\Boot::bootWeb(Object(Config\Paths))
WARNING - 2025-11-28 16:58:14 --> [DEPRECATED] Creation of dynamic property App\Controllers\Course::$enrollmentModel is deprecated in APPPATH\Controllers\Course.php on line 17.
 1 SYSTEMPATH\CodeIgniter.php(903): App\Controllers\Course->__construct()
 2 SYSTEMPATH\CodeIgniter.php(498): CodeIgniter\CodeIgniter->createController()
 3 SYSTEMPATH\CodeIgniter.php(354): CodeIgniter\CodeIgniter->handleRequest(null, Object(Config\Cache), false)
 4 SYSTEMPATH\Boot.php(363): CodeIgniter\CodeIgniter->run()
 5 SYSTEMPATH\Boot.php(68): CodeIgniter\Boot::runCodeIgniter(Object(CodeIgniter\CodeIgniter))
 6 FCPATH\index.php(59): CodeIgniter\Boot::bootWeb(Object(Config\Paths))
DEBUG - 2025-11-28 16:58:25 --> Session: Class initialized using 'App\Libraries\CustomSessionHandler' driver.
WARNING - 2025-11-28 16:58:25 --> [DEPRECATED] Creation of dynamic property App\Controllers\Course::$materialModel is deprecated in APPPATH\Controllers\Course.php on line 16.
 1 SYSTEMPATH\CodeIgniter.php(903): App\Controllers\Course->__construct()
 2 SYSTEMPATH\CodeIgniter.php(498): CodeIgniter\CodeIgniter->createController()
 3 SYSTEMPATH\CodeIgniter.php(354): CodeIgniter\CodeIgniter->handleRequest(null, Object(Config\Cache), false)
 4 SYSTEMPATH\Boot.php(363): CodeIgniter\CodeIgniter->run()
 5 SYSTEMPATH\Boot.php(68): CodeIgniter\Boot::runCodeIgniter(Object(CodeIgniter\CodeIgniter))
 6 FCPATH\index.php(59): CodeIgniter\Boot::bootWeb(Object(Config\Paths))
WARNING - 2025-11-28 16:58:25 --> [DEPRECATED] Creation of dynamic property App\Controllers\Course::$enrollmentModel is deprecated in APPPATH\Controllers\Course.php on line 17.
 1 SYSTEMPATH\CodeIgniter.php(903): App\Controllers\Course->__construct()
 2 SYSTEMPATH\CodeIgniter.php(498): CodeIgniter\CodeIgniter->createController()
 3 SYSTEMPATH\CodeIgniter.php(354): CodeIgniter\CodeIgniter->handleRequest(null, Object(Config\Cache), false)
 4 SYSTEMPATH\Boot.php(363): CodeIgniter\CodeIgniter->run()
 5 SYSTEMPATH\Boot.php(68): CodeIgniter\Boot::runCodeIgniter(Object(CodeIgniter\CodeIgniter))
 6 FCPATH\index.php(59): CodeIgniter\Boot::bootWeb(Object(Config\Paths))
DEBUG - 2025-11-28 16:58:34 --> Session: Class initialized using 'App\Libraries\CustomSessionHandler' driver.
WARNING - 2025-11-28 16:58:34 --> [DEPRECATED] Creation of dynamic property App\Controllers\Course::$materialModel is deprecated in APPPATH\Controllers\Course.php on line 16.
 1 SYSTEMPATH\CodeIgniter.php(903): App\Controllers\Course->__construct()
 2 SYSTEMPATH\CodeIgniter.php(498): CodeIgniter\CodeIgniter->createController()
 3 SYSTEMPATH\CodeIgniter.php(354): CodeIgniter\CodeIgniter->handleRequest(null, Object(Config\Cache), false)
 4 SYSTEMPATH\Boot.php(363): CodeIgniter\CodeIgniter->run()
 5 SYSTEMPATH\Boot.php(68): CodeIgniter\Boot::runCodeIgniter(Object(CodeIgniter\CodeIgniter))
 6 FCPATH\index.php(59): CodeIgniter\Boot::bootWeb(Object(Config\Paths))
WARNING - 2025-11-28 16:58:34 --> [DEPRECATED] Creation of dynamic property App\Controllers\Course::$enrollmentModel is deprecated in APPPATH\Controllers\Course.php on line 17.
 1 SYSTEMPATH\CodeIgniter.php(903): App\Controllers\Course->__construct()
 2 SYSTEMPATH\CodeIgniter.php(498): CodeIgniter\CodeIgniter->createController()
 3 SYSTEMPATH\CodeIgniter.php(354): CodeIgniter\CodeIgniter->handleRequest(null, Object(Config\Cache), false)
 4 SYSTEMPATH\Boot.php(363): CodeIgniter\CodeIgniter->run()
 5 SYSTEMPATH\Boot.php(68): CodeIgniter\Boot::runCodeIgniter(Object(CodeIgniter\CodeIgniter))
 6 FCPATH\index.php(59): CodeIgniter\Boot::bootWeb(Object(Config\Paths))
DEBUG - 2025-11-28 16:58:42 --> Session: Class initialized using 'App\Libraries\CustomSessionHandler' driver.
WARNING - 2025-11-28 16:58:42 --> [DEPRECATED] Creation of dynamic property App\Controllers\Course::$materialModel is deprecated in APPPATH\Controllers\Course.php on line 16.
 1 SYSTEMPATH\CodeIgniter.php(903): App\Controllers\Course->__construct()
 2 SYSTEMPATH\CodeIgniter.php(498): CodeIgniter\CodeIgniter->createController()
 3 SYSTEMPATH\CodeIgniter.php(354): CodeIgniter\CodeIgniter->handleRequest(null, Object(Config\Cache), false)
 4 SYSTEMPATH\Boot.php(363): CodeIgniter\CodeIgniter->run()
 5 SYSTEMPATH\Boot.php(68): CodeIgniter\Boot::runCodeIgniter(Object(CodeIgniter\CodeIgniter))
 6 FCPATH\index.php(59): CodeIgniter\Boot::bootWeb(Object(Config\Paths))
WARNING - 2025-11-28 16:58:42 --> [DEPRECATED] Creation of dynamic property App\Controllers\Course::$enrollmentModel is deprecated in APPPATH\Controllers\Course.php on line 17.
 1 SYSTEMPATH\CodeIgniter.php(903): App\Controllers\Course->__construct()
 2 SYSTEMPATH\CodeIgniter.php(498): CodeIgniter\CodeIgniter->createController()
 3 SYSTEMPATH\CodeIgniter.php(354): CodeIgniter\CodeIgniter->handleRequest(null, Object(Config\Cache), false)
 4 SYSTEMPATH\Boot.php(363): CodeIgniter\CodeIgniter->run()
 5 SYSTEMPATH\Boot.php(68): CodeIgniter\Boot::runCodeIgniter(Object(CodeIgniter\CodeIgniter))
 6 FCPATH\index.php(59): CodeIgniter\Boot::bootWeb(Object(Config\Paths))
DEBUG - 2025-11-28 16:58:44 --> Session: Class initialized using 'App\Libraries\CustomSessionHandler' driver.
WARNING - 2025-11-28 16:58:44 --> [DEPRECATED] Creation of dynamic property App\Controllers\Course::$materialModel is deprecated in APPPATH\Controllers\Course.php on line 16.
 1 SYSTEMPATH\CodeIgniter.php(903): App\Controllers\Course->__construct()
 2 SYSTEMPATH\CodeIgniter.php(498): CodeIgniter\CodeIgniter->createController()
 3 SYSTEMPATH\CodeIgniter.php(354): CodeIgniter\CodeIgniter->handleRequest(null, Object(Config\Cache), false)
 4 SYSTEMPATH\Boot.php(363): CodeIgniter\CodeIgniter->run()
 5 SYSTEMPATH\Boot.php(68): CodeIgniter\Boot::runCodeIgniter(Object(CodeIgniter\CodeIgniter))
 6 FCPATH\index.php(59): CodeIgniter\Boot::bootWeb(Object(Config\Paths))
WARNING - 2025-11-28 16:58:44 --> [DEPRECATED] Creation of dynamic property App\Controllers\Course::$enrollmentModel is deprecated in APPPATH\Controllers\Course.php on line 17.
 1 SYSTEMPATH\CodeIgniter.php(903): App\Controllers\Course->__construct()
 2 SYSTEMPATH\CodeIgniter.php(498): CodeIgniter\CodeIgniter->createController()
 3 SYSTEMPATH\CodeIgniter.php(354): CodeIgniter\CodeIgniter->handleRequest(null, Object(Config\Cache), false)
 4 SYSTEMPATH\Boot.php(363): CodeIgniter\CodeIgniter->run()
 5 SYSTEMPATH\Boot.php(68): CodeIgniter\Boot::runCodeIgniter(Object(CodeIgniter\CodeIgniter))
 6 FCPATH\index.php(59): CodeIgniter\Boot::bootWeb(Object(Config\Paths))
DEBUG - 2025-11-28 16:59:12 --> Session: Class initialized using 'App\Libraries\CustomSessionHandler' driver.
DEBUG - 2025-11-28 16:59:32 --> Session: Class initialized using 'App\Libraries\CustomSessionHandler' driver.
WARNING - 2025-11-28 16:59:32 --> [DEPRECATED] Creation of dynamic property App\Controllers\Course::$materialModel is deprecated in APPPATH\Controllers\Course.php on line 16.
 1 SYSTEMPATH\CodeIgniter.php(903): App\Controllers\Course->__construct()
 2 SYSTEMPATH\CodeIgniter.php(498): CodeIgniter\CodeIgniter->createController()
 3 SYSTEMPATH\CodeIgniter.php(354): CodeIgniter\CodeIgniter->handleRequest(null, Object(Config\Cache), false)
 4 SYSTEMPATH\Boot.php(363): CodeIgniter\CodeIgniter->run()
 5 SYSTEMPATH\Boot.php(68): CodeIgniter\Boot::runCodeIgniter(Object(CodeIgniter\CodeIgniter))
 6 FCPATH\index.php(59): CodeIgniter\Boot::bootWeb(Object(Config\Paths))
WARNING - 2025-11-28 16:59:32 --> [DEPRECATED] Creation of dynamic property App\Controllers\Course::$enrollmentModel is deprecated in APPPATH\Controllers\Course.php on line 17.
 1 SYSTEMPATH\CodeIgniter.php(903): App\Controllers\Course->__construct()
 2 SYSTEMPATH\CodeIgniter.php(498): CodeIgniter\CodeIgniter->createController()
 3 SYSTEMPATH\CodeIgniter.php(354): CodeIgniter\CodeIgniter->handleRequest(null, Object(Config\Cache), false)
 4 SYSTEMPATH\Boot.php(363): CodeIgniter\CodeIgniter->run()
 5 SYSTEMPATH\Boot.php(68): CodeIgniter\Boot::runCodeIgniter(Object(CodeIgniter\CodeIgniter))
 6 FCPATH\index.php(59): CodeIgniter\Boot::bootWeb(Object(Config\Paths))
DEBUG - 2025-11-28 16:59:39 --> Session: Class initialized using 'App\Libraries\CustomSessionHandler' driver.
WARNING - 2025-11-28 16:59:39 --> [DEPRECATED] Creation of dynamic property App\Controllers\Course::$materialModel is deprecated in APPPATH\Controllers\Course.php on line 16.
 1 SYSTEMPATH\CodeIgniter.php(903): App\Controllers\Course->__construct()
 2 SYSTEMPATH\CodeIgniter.php(498): CodeIgniter\CodeIgniter->createController()
 3 SYSTEMPATH\CodeIgniter.php(354): CodeIgniter\CodeIgniter->handleRequest(null, Object(Config\Cache), false)
 4 SYSTEMPATH\Boot.php(363): CodeIgniter\CodeIgniter->run()
 5 SYSTEMPATH\Boot.php(68): CodeIgniter\Boot::runCodeIgniter(Object(CodeIgniter\CodeIgniter))
 6 FCPATH\index.php(59): CodeIgniter\Boot::bootWeb(Object(Config\Paths))
WARNING - 2025-11-28 16:59:39 --> [DEPRECATED] Creation of dynamic property App\Controllers\Course::$enrollmentModel is deprecated in APPPATH\Controllers\Course.php on line 17.
 1 SYSTEMPATH\CodeIgniter.php(903): App\Controllers\Course->__construct()
 2 SYSTEMPATH\CodeIgniter.php(498): CodeIgniter\CodeIgniter->createController()
 3 SYSTEMPATH\CodeIgniter.php(354): CodeIgniter\CodeIgniter->handleRequest(null, Object(Config\Cache), false)
 4 SYSTEMPATH\Boot.php(363): CodeIgniter\CodeIgniter->run()
 5 SYSTEMPATH\Boot.php(68): CodeIgniter\Boot::runCodeIgniter(Object(CodeIgniter\CodeIgniter))
 6 FCPATH\index.php(59): CodeIgniter\Boot::bootWeb(Object(Config\Paths))
DEBUG - 2025-11-28 16:59:40 --> Session: Class initialized using 'App\Libraries\CustomSessionHandler' driver.
WARNING - 2025-11-28 16:59:40 --> [DEPRECATED] Creation of dynamic property App\Controllers\Course::$materialModel is deprecated in APPPATH\Controllers\Course.php on line 16.
 1 SYSTEMPATH\CodeIgniter.php(903): App\Controllers\Course->__construct()
 2 SYSTEMPATH\CodeIgniter.php(498): CodeIgniter\CodeIgniter->createController()
 3 SYSTEMPATH\CodeIgniter.php(354): CodeIgniter\CodeIgniter->handleRequest(null, Object(Config\Cache), false)
 4 SYSTEMPATH\Boot.php(363): CodeIgniter\CodeIgniter->run()
 5 SYSTEMPATH\Boot.php(68): CodeIgniter\Boot::runCodeIgniter(Object(CodeIgniter\CodeIgniter))
 6 FCPATH\index.php(59): CodeIgniter\Boot::bootWeb(Object(Config\Paths))
WARNING - 2025-11-28 16:59:40 --> [DEPRECATED] Creation of dynamic property App\Controllers\Course::$enrollmentModel is deprecated in APPPATH\Controllers\Course.php on line 17.
 1 SYSTEMPATH\CodeIgniter.php(903): App\Controllers\Course->__construct()
 2 SYSTEMPATH\CodeIgniter.php(498): CodeIgniter\CodeIgniter->createController()
 3 SYSTEMPATH\CodeIgniter.php(354): CodeIgniter\CodeIgniter->handleRequest(null, Object(Config\Cache), false)
 4 SYSTEMPATH\Boot.php(363): CodeIgniter\CodeIgniter->run()
 5 SYSTEMPATH\Boot.php(68): CodeIgniter\Boot::runCodeIgniter(Object(CodeIgniter\CodeIgniter))
 6 FCPATH\index.php(59): CodeIgniter\Boot::bootWeb(Object(Config\Paths))
DEBUG - 2025-11-28 17:00:12 --> Session: Class initialized using 'App\Libraries\CustomSessionHandler' driver.
DEBUG - 2025-11-28 17:00:27 --> Session: Class initialized using 'App\Libraries\CustomSessionHandler' driver.
WARNING - 2025-11-28 17:00:27 --> [DEPRECATED] Creation of dynamic property App\Controllers\Course::$materialModel is deprecated in APPPATH\Controllers\Course.php on line 16.
 1 SYSTEMPATH\CodeIgniter.php(903): App\Controllers\Course->__construct()
 2 SYSTEMPATH\CodeIgniter.php(498): CodeIgniter\CodeIgniter->createController()
 3 SYSTEMPATH\CodeIgniter.php(354): CodeIgniter\CodeIgniter->handleRequest(null, Object(Config\Cache), false)
 4 SYSTEMPATH\Boot.php(363): CodeIgniter\CodeIgniter->run()
 5 SYSTEMPATH\Boot.php(68): CodeIgniter\Boot::runCodeIgniter(Object(CodeIgniter\CodeIgniter))
 6 FCPATH\index.php(59): CodeIgniter\Boot::bootWeb(Object(Config\Paths))
WARNING - 2025-11-28 17:00:27 --> [DEPRECATED] Creation of dynamic property App\Controllers\Course::$enrollmentModel is deprecated in APPPATH\Controllers\Course.php on line 17.
 1 SYSTEMPATH\CodeIgniter.php(903): App\Controllers\Course->__construct()
 2 SYSTEMPATH\CodeIgniter.php(498): CodeIgniter\CodeIgniter->createController()
 3 SYSTEMPATH\CodeIgniter.php(354): CodeIgniter\CodeIgniter->handleRequest(null, Object(Config\Cache), false)
 4 SYSTEMPATH\Boot.php(363): CodeIgniter\CodeIgniter->run()
 5 SYSTEMPATH\Boot.php(68): CodeIgniter\Boot::runCodeIgniter(Object(CodeIgniter\CodeIgniter))
 6 FCPATH\index.php(59): CodeIgniter\Boot::bootWeb(Object(Config\Paths))
DEBUG - 2025-11-28 17:00:31 --> Session: Class initialized using 'App\Libraries\CustomSessionHandler' driver.
WARNING - 2025-11-28 17:00:31 --> [DEPRECATED] Creation of dynamic property App\Controllers\Course::$materialModel is deprecated in APPPATH\Controllers\Course.php on line 16.
 1 SYSTEMPATH\CodeIgniter.php(903): App\Controllers\Course->__construct()
 2 SYSTEMPATH\CodeIgniter.php(498): CodeIgniter\CodeIgniter->createController()
 3 SYSTEMPATH\CodeIgniter.php(354): CodeIgniter\CodeIgniter->handleRequest(null, Object(Config\Cache), false)
 4 SYSTEMPATH\Boot.php(363): CodeIgniter\CodeIgniter->run()
 5 SYSTEMPATH\Boot.php(68): CodeIgniter\Boot::runCodeIgniter(Object(CodeIgniter\CodeIgniter))
 6 FCPATH\index.php(59): CodeIgniter\Boot::bootWeb(Object(Config\Paths))
WARNING - 2025-11-28 17:00:31 --> [DEPRECATED] Creation of dynamic property App\Controllers\Course::$enrollmentModel is deprecated in APPPATH\Controllers\Course.php on line 17.
 1 SYSTEMPATH\CodeIgniter.php(903): App\Controllers\Course->__construct()
 2 SYSTEMPATH\CodeIgniter.php(498): CodeIgniter\CodeIgniter->createController()
 3 SYSTEMPATH\CodeIgniter.php(354): CodeIgniter\CodeIgniter->handleRequest(null, Object(Config\Cache), false)
 4 SYSTEMPATH\Boot.php(363): CodeIgniter\CodeIgniter->run()
 5 SYSTEMPATH\Boot.php(68): CodeIgniter\Boot::runCodeIgniter(Object(CodeIgniter\CodeIgniter))
 6 FCPATH\index.php(59): CodeIgniter\Boot::bootWeb(Object(Config\Paths))
DEBUG - 2025-11-28 17:01:12 --> Session: Class initialized using 'App\Libraries\CustomSessionHandler' driver.
DEBUG - 2025-11-28 17:02:12 --> Session: Class initialized using 'App\Libraries\CustomSessionHandler' driver.
DEBUG - 2025-11-28 17:02:18 --> Session: Class initialized using 'App\Libraries\CustomSessionHandler' driver.
WARNING - 2025-11-28 17:02:18 --> [DEPRECATED] Creation of dynamic property App\Controllers\Course::$materialModel is deprecated in APPPATH\Controllers\Course.php on line 16.
 1 SYSTEMPATH\CodeIgniter.php(903): App\Controllers\Course->__construct()
 2 SYSTEMPATH\CodeIgniter.php(498): CodeIgniter\CodeIgniter->createController()
 3 SYSTEMPATH\CodeIgniter.php(354): CodeIgniter\CodeIgniter->handleRequest(null, Object(Config\Cache), false)
 4 SYSTEMPATH\Boot.php(363): CodeIgniter\CodeIgniter->run()
 5 SYSTEMPATH\Boot.php(68): CodeIgniter\Boot::runCodeIgniter(Object(CodeIgniter\CodeIgniter))
 6 FCPATH\index.php(59): CodeIgniter\Boot::bootWeb(Object(Config\Paths))
WARNING - 2025-11-28 17:02:18 --> [DEPRECATED] Creation of dynamic property App\Controllers\Course::$enrollmentModel is deprecated in APPPATH\Controllers\Course.php on line 17.
 1 SYSTEMPATH\CodeIgniter.php(903): App\Controllers\Course->__construct()
 2 SYSTEMPATH\CodeIgniter.php(498): CodeIgniter\CodeIgniter->createController()
 3 SYSTEMPATH\CodeIgniter.php(354): CodeIgniter\CodeIgniter->handleRequest(null, Object(Config\Cache), false)
 4 SYSTEMPATH\Boot.php(363): CodeIgniter\CodeIgniter->run()
 5 SYSTEMPATH\Boot.php(68): CodeIgniter\Boot::runCodeIgniter(Object(CodeIgniter\CodeIgniter))
 6 FCPATH\index.php(59): CodeIgniter\Boot::bootWeb(Object(Config\Paths))
DEBUG - 2025-11-28 17:02:26 --> Session: Class initialized using 'App\Libraries\CustomSessionHandler' driver.
WARNING - 2025-11-28 17:02:26 --> [DEPRECATED] Creation of dynamic property App\Controllers\Course::$materialModel is deprecated in APPPATH\Controllers\Course.php on line 16.
 1 SYSTEMPATH\CodeIgniter.php(903): App\Controllers\Course->__construct()
 2 SYSTEMPATH\CodeIgniter.php(498): CodeIgniter\CodeIgniter->createController()
 3 SYSTEMPATH\CodeIgniter.php(354): CodeIgniter\CodeIgniter->handleRequest(null, Object(Config\Cache), false)
 4 SYSTEMPATH\Boot.php(363): CodeIgniter\CodeIgniter->run()
 5 SYSTEMPATH\Boot.php(68): CodeIgniter\Boot::runCodeIgniter(Object(CodeIgniter\CodeIgniter))
 6 FCPATH\index.php(59): CodeIgniter\Boot::bootWeb(Object(Config\Paths))
WARNING - 2025-11-28 17:02:26 --> [DEPRECATED] Creation of dynamic property App\Controllers\Course::$enrollmentModel is deprecated in APPPATH\Controllers\Course.php on line 17.
 1 SYSTEMPATH\CodeIgniter.php(903): App\Controllers\Course->__construct()
 2 SYSTEMPATH\CodeIgniter.php(498): CodeIgniter\CodeIgniter->createController()
 3 SYSTEMPATH\CodeIgniter.php(354): CodeIgniter\CodeIgniter->handleRequest(null, Object(Config\Cache), false)
 4 SYSTEMPATH\Boot.php(363): CodeIgniter\CodeIgniter->run()
 5 SYSTEMPATH\Boot.php(68): CodeIgniter\Boot::runCodeIgniter(Object(CodeIgniter\CodeIgniter))
 6 FCPATH\index.php(59): CodeIgniter\Boot::bootWeb(Object(Config\Paths))
DEBUG - 2025-11-28 17:02:28 --> Session: Class initialized using 'App\Libraries\CustomSessionHandler' driver.
WARNING - 2025-11-28 17:02:28 --> [DEPRECATED] Creation of dynamic property App\Controllers\Course::$materialModel is deprecated in APPPATH\Controllers\Course.php on line 16.
 1 SYSTEMPATH\CodeIgniter.php(903): App\Controllers\Course->__construct()
 2 SYSTEMPATH\CodeIgniter.php(498): CodeIgniter\CodeIgniter->createController()
 3 SYSTEMPATH\CodeIgniter.php(354): CodeIgniter\CodeIgniter->handleRequest(null, Object(Config\Cache), false)
 4 SYSTEMPATH\Boot.php(363): CodeIgniter\CodeIgniter->run()
 5 SYSTEMPATH\Boot.php(68): CodeIgniter\Boot::runCodeIgniter(Object(CodeIgniter\CodeIgniter))
 6 FCPATH\index.php(59): CodeIgniter\Boot::bootWeb(Object(Config\Paths))
WARNING - 2025-11-28 17:02:28 --> [DEPRECATED] Creation of dynamic property App\Controllers\Course::$enrollmentModel is deprecated in APPPATH\Controllers\Course.php on line 17.
 1 SYSTEMPATH\CodeIgniter.php(903): App\Controllers\Course->__construct()
 2 SYSTEMPATH\CodeIgniter.php(498): CodeIgniter\CodeIgniter->createController()
 3 SYSTEMPATH\CodeIgniter.php(354): CodeIgniter\CodeIgniter->handleRequest(null, Object(Config\Cache), false)
 4 SYSTEMPATH\Boot.php(363): CodeIgniter\CodeIgniter->run()
 5 SYSTEMPATH\Boot.php(68): CodeIgniter\Boot::runCodeIgniter(Object(CodeIgniter\CodeIgniter))
 6 FCPATH\index.php(59): CodeIgniter\Boot::bootWeb(Object(Config\Paths))
DEBUG - 2025-11-28 17:02:35 --> Session: Class initialized using 'App\Libraries\CustomSessionHandler' driver.
WARNING - 2025-11-28 17:02:35 --> [DEPRECATED] Creation of dynamic property App\Controllers\Course::$materialModel is deprecated in APPPATH\Controllers\Course.php on line 16.
 1 SYSTEMPATH\CodeIgniter.php(903): App\Controllers\Course->__construct()
 2 SYSTEMPATH\CodeIgniter.php(498): CodeIgniter\CodeIgniter->createController()
 3 SYSTEMPATH\CodeIgniter.php(354): CodeIgniter\CodeIgniter->handleRequest(null, Object(Config\Cache), false)
 4 SYSTEMPATH\Boot.php(363): CodeIgniter\CodeIgniter->run()
 5 SYSTEMPATH\Boot.php(68): CodeIgniter\Boot::runCodeIgniter(Object(CodeIgniter\CodeIgniter))
 6 FCPATH\index.php(59): CodeIgniter\Boot::bootWeb(Object(Config\Paths))
WARNING - 2025-11-28 17:02:35 --> [DEPRECATED] Creation of dynamic property App\Controllers\Course::$enrollmentModel is deprecated in APPPATH\Controllers\Course.php on line 17.
 1 SYSTEMPATH\CodeIgniter.php(903): App\Controllers\Course->__construct()
 2 SYSTEMPATH\CodeIgniter.php(498): CodeIgniter\CodeIgniter->createController()
 3 SYSTEMPATH\CodeIgniter.php(354): CodeIgniter\CodeIgniter->handleRequest(null, Object(Config\Cache), false)
 4 SYSTEMPATH\Boot.php(363): CodeIgniter\CodeIgniter->run()
 5 SYSTEMPATH\Boot.php(68): CodeIgniter\Boot::runCodeIgniter(Object(CodeIgniter\CodeIgniter))
 6 FCPATH\index.php(59): CodeIgniter\Boot::bootWeb(Object(Config\Paths))
DEBUG - 2025-11-28 17:03:12 --> Session: Class initialized using 'App\Libraries\CustomSessionHandler' driver.
DEBUG - 2025-11-28 17:04:13 --> Session: Class initialized using 'App\Libraries\CustomSessionHandler' driver.
DEBUG - 2025-11-28 17:05:12 --> Session: Class initialized using 'App\Libraries\CustomSessionHandler' driver.
DEBUG - 2025-11-28 17:06:13 --> Session: Class initialized using 'App\Libraries\CustomSessionHandler' driver.
DEBUG - 2025-11-28 17:06:36 --> Session: Class initialized using 'App\Libraries\CustomSessionHandler' driver.
WARNING - 2025-11-28 17:06:36 --> [DEPRECATED] Creation of dynamic property App\Controllers\Course::$materialModel is deprecated in APPPATH\Controllers\Course.php on line 16.
 1 SYSTEMPATH\CodeIgniter.php(903): App\Controllers\Course->__construct()
 2 SYSTEMPATH\CodeIgniter.php(498): CodeIgniter\CodeIgniter->createController()
 3 SYSTEMPATH\CodeIgniter.php(354): CodeIgniter\CodeIgniter->handleRequest(null, Object(Config\Cache), false)
 4 SYSTEMPATH\Boot.php(363): CodeIgniter\CodeIgniter->run()
 5 SYSTEMPATH\Boot.php(68): CodeIgniter\Boot::runCodeIgniter(Object(CodeIgniter\CodeIgniter))
 6 FCPATH\index.php(59): CodeIgniter\Boot::bootWeb(Object(Config\Paths))
WARNING - 2025-11-28 17:06:36 --> [DEPRECATED] Creation of dynamic property App\Controllers\Course::$enrollmentModel is deprecated in APPPATH\Controllers\Course.php on line 17.
 1 SYSTEMPATH\CodeIgniter.php(903): App\Controllers\Course->__construct()
 2 SYSTEMPATH\CodeIgniter.php(498): CodeIgniter\CodeIgniter->createController()
 3 SYSTEMPATH\CodeIgniter.php(354): CodeIgniter\CodeIgniter->handleRequest(null, Object(Config\Cache), false)
 4 SYSTEMPATH\Boot.php(363): CodeIgniter\CodeIgniter->run()
 5 SYSTEMPATH\Boot.php(68): CodeIgniter\Boot::runCodeIgniter(Object(CodeIgniter\CodeIgniter))
 6 FCPATH\index.php(59): CodeIgniter\Boot::bootWeb(Object(Config\Paths))
DEBUG - 2025-11-28 17:07:05 --> Session: Class initialized using 'App\Libraries\CustomSessionHandler' driver.
WARNING - 2025-11-28 17:07:05 --> [DEPRECATED] Creation of dynamic property App\Controllers\Course::$materialModel is deprecated in APPPATH\Controllers\Course.php on line 16.
 1 SYSTEMPATH\CodeIgniter.php(903): App\Controllers\Course->__construct()
 2 SYSTEMPATH\CodeIgniter.php(498): CodeIgniter\CodeIgniter->createController()
 3 SYSTEMPATH\CodeIgniter.php(354): CodeIgniter\CodeIgniter->handleRequest(null, Object(Config\Cache), false)
 4 SYSTEMPATH\Boot.php(363): CodeIgniter\CodeIgniter->run()
 5 SYSTEMPATH\Boot.php(68): CodeIgniter\Boot::runCodeIgniter(Object(CodeIgniter\CodeIgniter))
 6 FCPATH\index.php(59): CodeIgniter\Boot::bootWeb(Object(Config\Paths))
WARNING - 2025-11-28 17:07:05 --> [DEPRECATED] Creation of dynamic property App\Controllers\Course::$enrollmentModel is deprecated in APPPATH\Controllers\Course.php on line 17.
 1 SYSTEMPATH\CodeIgniter.php(903): App\Controllers\Course->__construct()
 2 SYSTEMPATH\CodeIgniter.php(498): CodeIgniter\CodeIgniter->createController()
 3 SYSTEMPATH\CodeIgniter.php(354): CodeIgniter\CodeIgniter->handleRequest(null, Object(Config\Cache), false)
 4 SYSTEMPATH\Boot.php(363): CodeIgniter\CodeIgniter->run()
 5 SYSTEMPATH\Boot.php(68): CodeIgniter\Boot::runCodeIgniter(Object(CodeIgniter\CodeIgniter))
 6 FCPATH\index.php(59): CodeIgniter\Boot::bootWeb(Object(Config\Paths))
DEBUG - 2025-11-28 17:07:07 --> Session: Class initialized using 'App\Libraries\CustomSessionHandler' driver.
WARNING - 2025-11-28 17:07:07 --> [DEPRECATED] Creation of dynamic property App\Controllers\Course::$materialModel is deprecated in APPPATH\Controllers\Course.php on line 16.
 1 SYSTEMPATH\CodeIgniter.php(903): App\Controllers\Course->__construct()
 2 SYSTEMPATH\CodeIgniter.php(498): CodeIgniter\CodeIgniter->createController()
 3 SYSTEMPATH\CodeIgniter.php(354): CodeIgniter\CodeIgniter->handleRequest(null, Object(Config\Cache), false)
 4 SYSTEMPATH\Boot.php(363): CodeIgniter\CodeIgniter->run()
 5 SYSTEMPATH\Boot.php(68): CodeIgniter\Boot::runCodeIgniter(Object(CodeIgniter\CodeIgniter))
 6 FCPATH\index.php(59): CodeIgniter\Boot::bootWeb(Object(Config\Paths))
WARNING - 2025-11-28 17:07:07 --> [DEPRECATED] Creation of dynamic property App\Controllers\Course::$enrollmentModel is deprecated in APPPATH\Controllers\Course.php on line 17.
 1 SYSTEMPATH\CodeIgniter.php(903): App\Controllers\Course->__construct()
 2 SYSTEMPATH\CodeIgniter.php(498): CodeIgniter\CodeIgniter->createController()
 3 SYSTEMPATH\CodeIgniter.php(354): CodeIgniter\CodeIgniter->handleRequest(null, Object(Config\Cache), false)
 4 SYSTEMPATH\Boot.php(363): CodeIgniter\CodeIgniter->run()
 5 SYSTEMPATH\Boot.php(68): CodeIgniter\Boot::runCodeIgniter(Object(CodeIgniter\CodeIgniter))
 6 FCPATH\index.php(59): CodeIgniter\Boot::bootWeb(Object(Config\Paths))
DEBUG - 2025-11-28 17:07:12 --> Session: Class initialized using 'App\Libraries\CustomSessionHandler' driver.
DEBUG - 2025-11-28 17:07:13 --> Session: Class initialized using 'App\Libraries\CustomSessionHandler' driver.
WARNING - 2025-11-28 17:07:13 --> [DEPRECATED] Creation of dynamic property App\Controllers\Course::$materialModel is deprecated in APPPATH\Controllers\Course.php on line 16.
 1 SYSTEMPATH\CodeIgniter.php(903): App\Controllers\Course->__construct()
 2 SYSTEMPATH\CodeIgniter.php(498): CodeIgniter\CodeIgniter->createController()
 3 SYSTEMPATH\CodeIgniter.php(354): CodeIgniter\CodeIgniter->handleRequest(null, Object(Config\Cache), false)
 4 SYSTEMPATH\Boot.php(363): CodeIgniter\CodeIgniter->run()
 5 SYSTEMPATH\Boot.php(68): CodeIgniter\Boot::runCodeIgniter(Object(CodeIgniter\CodeIgniter))
 6 FCPATH\index.php(59): CodeIgniter\Boot::bootWeb(Object(Config\Paths))
WARNING - 2025-11-28 17:07:13 --> [DEPRECATED] Creation of dynamic property App\Controllers\Course::$enrollmentModel is deprecated in APPPATH\Controllers\Course.php on line 17.
 1 SYSTEMPATH\CodeIgniter.php(903): App\Controllers\Course->__construct()
 2 SYSTEMPATH\CodeIgniter.php(498): CodeIgniter\CodeIgniter->createController()
 3 SYSTEMPATH\CodeIgniter.php(354): CodeIgniter\CodeIgniter->handleRequest(null, Object(Config\Cache), false)
 4 SYSTEMPATH\Boot.php(363): CodeIgniter\CodeIgniter->run()
 5 SYSTEMPATH\Boot.php(68): CodeIgniter\Boot::runCodeIgniter(Object(CodeIgniter\CodeIgniter))
 6 FCPATH\index.php(59): CodeIgniter\Boot::bootWeb(Object(Config\Paths))
DEBUG - 2025-11-28 17:07:27 --> Session: Class initialized using 'App\Libraries\CustomSessionHandler' driver.
WARNING - 2025-11-28 17:07:27 --> [DEPRECATED] Creation of dynamic property App\Controllers\Course::$materialModel is deprecated in APPPATH\Controllers\Course.php on line 16.
 1 SYSTEMPATH\CodeIgniter.php(903): App\Controllers\Course->__construct()
 2 SYSTEMPATH\CodeIgniter.php(498): CodeIgniter\CodeIgniter->createController()
 3 SYSTEMPATH\CodeIgniter.php(354): CodeIgniter\CodeIgniter->handleRequest(null, Object(Config\Cache), false)
 4 SYSTEMPATH\Boot.php(363): CodeIgniter\CodeIgniter->run()
 5 SYSTEMPATH\Boot.php(68): CodeIgniter\Boot::runCodeIgniter(Object(CodeIgniter\CodeIgniter))
 6 FCPATH\index.php(59): CodeIgniter\Boot::bootWeb(Object(Config\Paths))
WARNING - 2025-11-28 17:07:27 --> [DEPRECATED] Creation of dynamic property App\Controllers\Course::$enrollmentModel is deprecated in APPPATH\Controllers\Course.php on line 17.
 1 SYSTEMPATH\CodeIgniter.php(903): App\Controllers\Course->__construct()
 2 SYSTEMPATH\CodeIgniter.php(498): CodeIgniter\CodeIgniter->createController()
 3 SYSTEMPATH\CodeIgniter.php(354): CodeIgniter\CodeIgniter->handleRequest(null, Object(Config\Cache), false)
 4 SYSTEMPATH\Boot.php(363): CodeIgniter\CodeIgniter->run()
 5 SYSTEMPATH\Boot.php(68): CodeIgniter\Boot::runCodeIgniter(Object(CodeIgniter\CodeIgniter))
 6 FCPATH\index.php(59): CodeIgniter\Boot::bootWeb(Object(Config\Paths))
DEBUG - 2025-11-28 17:07:31 --> Session: Class initialized using 'App\Libraries\CustomSessionHandler' driver.
WARNING - 2025-11-28 17:07:31 --> [DEPRECATED] Creation of dynamic property App\Controllers\Course::$materialModel is deprecated in APPPATH\Controllers\Course.php on line 16.
 1 SYSTEMPATH\CodeIgniter.php(903): App\Controllers\Course->__construct()
 2 SYSTEMPATH\CodeIgniter.php(498): CodeIgniter\CodeIgniter->createController()
 3 SYSTEMPATH\CodeIgniter.php(354): CodeIgniter\CodeIgniter->handleRequest(null, Object(Config\Cache), false)
 4 SYSTEMPATH\Boot.php(363): CodeIgniter\CodeIgniter->run()
 5 SYSTEMPATH\Boot.php(68): CodeIgniter\Boot::runCodeIgniter(Object(CodeIgniter\CodeIgniter))
 6 FCPATH\index.php(59): CodeIgniter\Boot::bootWeb(Object(Config\Paths))
WARNING - 2025-11-28 17:07:31 --> [DEPRECATED] Creation of dynamic property App\Controllers\Course::$enrollmentModel is deprecated in APPPATH\Controllers\Course.php on line 17.
 1 SYSTEMPATH\CodeIgniter.php(903): App\Controllers\Course->__construct()
 2 SYSTEMPATH\CodeIgniter.php(498): CodeIgniter\CodeIgniter->createController()
 3 SYSTEMPATH\CodeIgniter.php(354): CodeIgniter\CodeIgniter->handleRequest(null, Object(Config\Cache), false)
 4 SYSTEMPATH\Boot.php(363): CodeIgniter\CodeIgniter->run()
 5 SYSTEMPATH\Boot.php(68): CodeIgniter\Boot::runCodeIgniter(Object(CodeIgniter\CodeIgniter))
 6 FCPATH\index.php(59): CodeIgniter\Boot::bootWeb(Object(Config\Paths))
DEBUG - 2025-11-28 17:07:44 --> Session: Class initialized using 'App\Libraries\CustomSessionHandler' driver.
WARNING - 2025-11-28 17:07:44 --> [DEPRECATED] Creation of dynamic property App\Controllers\Course::$materialModel is deprecated in APPPATH\Controllers\Course.php on line 16.
 1 SYSTEMPATH\CodeIgniter.php(903): App\Controllers\Course->__construct()
 2 SYSTEMPATH\CodeIgniter.php(498): CodeIgniter\CodeIgniter->createController()
 3 SYSTEMPATH\CodeIgniter.php(354): CodeIgniter\CodeIgniter->handleRequest(null, Object(Config\Cache), false)
 4 SYSTEMPATH\Boot.php(363): CodeIgniter\CodeIgniter->run()
 5 SYSTEMPATH\Boot.php(68): CodeIgniter\Boot::runCodeIgniter(Object(CodeIgniter\CodeIgniter))
 6 FCPATH\index.php(59): CodeIgniter\Boot::bootWeb(Object(Config\Paths))
WARNING - 2025-11-28 17:07:44 --> [DEPRECATED] Creation of dynamic property App\Controllers\Course::$enrollmentModel is deprecated in APPPATH\Controllers\Course.php on line 17.
 1 SYSTEMPATH\CodeIgniter.php(903): App\Controllers\Course->__construct()
 2 SYSTEMPATH\CodeIgniter.php(498): CodeIgniter\CodeIgniter->createController()
 3 SYSTEMPATH\CodeIgniter.php(354): CodeIgniter\CodeIgniter->handleRequest(null, Object(Config\Cache), false)
 4 SYSTEMPATH\Boot.php(363): CodeIgniter\CodeIgniter->run()
 5 SYSTEMPATH\Boot.php(68): CodeIgniter\Boot::runCodeIgniter(Object(CodeIgniter\CodeIgniter))
 6 FCPATH\index.php(59): CodeIgniter\Boot::bootWeb(Object(Config\Paths))
DEBUG - 2025-11-28 17:07:53 --> Session: Class initialized using 'App\Libraries\CustomSessionHandler' driver.
WARNING - 2025-11-28 17:07:53 --> [DEPRECATED] Creation of dynamic property App\Controllers\Course::$materialModel is deprecated in APPPATH\Controllers\Course.php on line 16.
 1 SYSTEMPATH\CodeIgniter.php(903): App\Controllers\Course->__construct()
 2 SYSTEMPATH\CodeIgniter.php(498): CodeIgniter\CodeIgniter->createController()
 3 SYSTEMPATH\CodeIgniter.php(354): CodeIgniter\CodeIgniter->handleRequest(null, Object(Config\Cache), false)
 4 SYSTEMPATH\Boot.php(363): CodeIgniter\CodeIgniter->run()
 5 SYSTEMPATH\Boot.php(68): CodeIgniter\Boot::runCodeIgniter(Object(CodeIgniter\CodeIgniter))
 6 FCPATH\index.php(59): CodeIgniter\Boot::bootWeb(Object(Config\Paths))
WARNING - 2025-11-28 17:07:53 --> [DEPRECATED] Creation of dynamic property App\Controllers\Course::$enrollmentModel is deprecated in APPPATH\Controllers\Course.php on line 17.
 1 SYSTEMPATH\CodeIgniter.php(903): App\Controllers\Course->__construct()
 2 SYSTEMPATH\CodeIgniter.php(498): CodeIgniter\CodeIgniter->createController()
 3 SYSTEMPATH\CodeIgniter.php(354): CodeIgniter\CodeIgniter->handleRequest(null, Object(Config\Cache), false)
 4 SYSTEMPATH\Boot.php(363): CodeIgniter\CodeIgniter->run()
 5 SYSTEMPATH\Boot.php(68): CodeIgniter\Boot::runCodeIgniter(Object(CodeIgniter\CodeIgniter))
 6 FCPATH\index.php(59): CodeIgniter\Boot::bootWeb(Object(Config\Paths))
DEBUG - 2025-11-28 17:08:01 --> Session: Class initialized using 'App\Libraries\CustomSessionHandler' driver.
WARNING - 2025-11-28 17:08:01 --> [DEPRECATED] Creation of dynamic property App\Controllers\Course::$materialModel is deprecated in APPPATH\Controllers\Course.php on line 16.
 1 SYSTEMPATH\CodeIgniter.php(903): App\Controllers\Course->__construct()
 2 SYSTEMPATH\CodeIgniter.php(498): CodeIgniter\CodeIgniter->createController()
 3 SYSTEMPATH\CodeIgniter.php(354): CodeIgniter\CodeIgniter->handleRequest(null, Object(Config\Cache), false)
 4 SYSTEMPATH\Boot.php(363): CodeIgniter\CodeIgniter->run()
 5 SYSTEMPATH\Boot.php(68): CodeIgniter\Boot::runCodeIgniter(Object(CodeIgniter\CodeIgniter))
 6 FCPATH\index.php(59): CodeIgniter\Boot::bootWeb(Object(Config\Paths))
WARNING - 2025-11-28 17:08:01 --> [DEPRECATED] Creation of dynamic property App\Controllers\Course::$enrollmentModel is deprecated in APPPATH\Controllers\Course.php on line 17.
 1 SYSTEMPATH\CodeIgniter.php(903): App\Controllers\Course->__construct()
 2 SYSTEMPATH\CodeIgniter.php(498): CodeIgniter\CodeIgniter->createController()
 3 SYSTEMPATH\CodeIgniter.php(354): CodeIgniter\CodeIgniter->handleRequest(null, Object(Config\Cache), false)
 4 SYSTEMPATH\Boot.php(363): CodeIgniter\CodeIgniter->run()
 5 SYSTEMPATH\Boot.php(68): CodeIgniter\Boot::runCodeIgniter(Object(CodeIgniter\CodeIgniter))
 6 FCPATH\index.php(59): CodeIgniter\Boot::bootWeb(Object(Config\Paths))
DEBUG - 2025-11-28 17:08:03 --> Session: Class initialized using 'App\Libraries\CustomSessionHandler' driver.
WARNING - 2025-11-28 17:08:03 --> [DEPRECATED] Creation of dynamic property App\Controllers\Course::$materialModel is deprecated in APPPATH\Controllers\Course.php on line 16.
 1 SYSTEMPATH\CodeIgniter.php(903): App\Controllers\Course->__construct()
 2 SYSTEMPATH\CodeIgniter.php(498): CodeIgniter\CodeIgniter->createController()
 3 SYSTEMPATH\CodeIgniter.php(354): CodeIgniter\CodeIgniter->handleRequest(null, Object(Config\Cache), false)
 4 SYSTEMPATH\Boot.php(363): CodeIgniter\CodeIgniter->run()
 5 SYSTEMPATH\Boot.php(68): CodeIgniter\Boot::runCodeIgniter(Object(CodeIgniter\CodeIgniter))
 6 FCPATH\index.php(59): CodeIgniter\Boot::bootWeb(Object(Config\Paths))
WARNING - 2025-11-28 17:08:03 --> [DEPRECATED] Creation of dynamic property App\Controllers\Course::$enrollmentModel is deprecated in APPPATH\Controllers\Course.php on line 17.
 1 SYSTEMPATH\CodeIgniter.php(903): App\Controllers\Course->__construct()
 2 SYSTEMPATH\CodeIgniter.php(498): CodeIgniter\CodeIgniter->createController()
 3 SYSTEMPATH\CodeIgniter.php(354): CodeIgniter\CodeIgniter->handleRequest(null, Object(Config\Cache), false)
 4 SYSTEMPATH\Boot.php(363): CodeIgniter\CodeIgniter->run()
 5 SYSTEMPATH\Boot.php(68): CodeIgniter\Boot::runCodeIgniter(Object(CodeIgniter\CodeIgniter))
 6 FCPATH\index.php(59): CodeIgniter\Boot::bootWeb(Object(Config\Paths))
DEBUG - 2025-11-28 17:08:12 --> Session: Class initialized using 'App\Libraries\CustomSessionHandler' driver.
DEBUG - 2025-11-28 17:08:17 --> Session: Class initialized using 'App\Libraries\CustomSessionHandler' driver.
WARNING - 2025-11-28 17:08:17 --> [DEPRECATED] Creation of dynamic property App\Controllers\Course::$materialModel is deprecated in APPPATH\Controllers\Course.php on line 16.
 1 SYSTEMPATH\CodeIgniter.php(903): App\Controllers\Course->__construct()
 2 SYSTEMPATH\CodeIgniter.php(498): CodeIgniter\CodeIgniter->createController()
 3 SYSTEMPATH\CodeIgniter.php(354): CodeIgniter\CodeIgniter->handleRequest(null, Object(Config\Cache), false)
 4 SYSTEMPATH\Boot.php(363): CodeIgniter\CodeIgniter->run()
 5 SYSTEMPATH\Boot.php(68): CodeIgniter\Boot::runCodeIgniter(Object(CodeIgniter\CodeIgniter))
 6 FCPATH\index.php(59): CodeIgniter\Boot::bootWeb(Object(Config\Paths))
WARNING - 2025-11-28 17:08:17 --> [DEPRECATED] Creation of dynamic property App\Controllers\Course::$enrollmentModel is deprecated in APPPATH\Controllers\Course.php on line 17.
 1 SYSTEMPATH\CodeIgniter.php(903): App\Controllers\Course->__construct()
 2 SYSTEMPATH\CodeIgniter.php(498): CodeIgniter\CodeIgniter->createController()
 3 SYSTEMPATH\CodeIgniter.php(354): CodeIgniter\CodeIgniter->handleRequest(null, Object(Config\Cache), false)
 4 SYSTEMPATH\Boot.php(363): CodeIgniter\CodeIgniter->run()
 5 SYSTEMPATH\Boot.php(68): CodeIgniter\Boot::runCodeIgniter(Object(CodeIgniter\CodeIgniter))
 6 FCPATH\index.php(59): CodeIgniter\Boot::bootWeb(Object(Config\Paths))
DEBUG - 2025-11-28 17:08:24 --> Session: Class initialized using 'App\Libraries\CustomSessionHandler' driver.
WARNING - 2025-11-28 17:08:24 --> [DEPRECATED] Creation of dynamic property App\Controllers\Course::$materialModel is deprecated in APPPATH\Controllers\Course.php on line 16.
 1 SYSTEMPATH\CodeIgniter.php(903): App\Controllers\Course->__construct()
 2 SYSTEMPATH\CodeIgniter.php(498): CodeIgniter\CodeIgniter->createController()
 3 SYSTEMPATH\CodeIgniter.php(354): CodeIgniter\CodeIgniter->handleRequest(null, Object(Config\Cache), false)
 4 SYSTEMPATH\Boot.php(363): CodeIgniter\CodeIgniter->run()
 5 SYSTEMPATH\Boot.php(68): CodeIgniter\Boot::runCodeIgniter(Object(CodeIgniter\CodeIgniter))
 6 FCPATH\index.php(59): CodeIgniter\Boot::bootWeb(Object(Config\Paths))
WARNING - 2025-11-28 17:08:24 --> [DEPRECATED] Creation of dynamic property App\Controllers\Course::$enrollmentModel is deprecated in APPPATH\Controllers\Course.php on line 17.
 1 SYSTEMPATH\CodeIgniter.php(903): App\Controllers\Course->__construct()
 2 SYSTEMPATH\CodeIgniter.php(498): CodeIgniter\CodeIgniter->createController()
 3 SYSTEMPATH\CodeIgniter.php(354): CodeIgniter\CodeIgniter->handleRequest(null, Object(Config\Cache), false)
 4 SYSTEMPATH\Boot.php(363): CodeIgniter\CodeIgniter->run()
 5 SYSTEMPATH\Boot.php(68): CodeIgniter\Boot::runCodeIgniter(Object(CodeIgniter\CodeIgniter))
 6 FCPATH\index.php(59): CodeIgniter\Boot::bootWeb(Object(Config\Paths))
DEBUG - 2025-11-28 17:08:30 --> Session: Class initialized using 'App\Libraries\CustomSessionHandler' driver.
WARNING - 2025-11-28 17:08:30 --> [DEPRECATED] Creation of dynamic property App\Controllers\Course::$materialModel is deprecated in APPPATH\Controllers\Course.php on line 16.
 1 SYSTEMPATH\CodeIgniter.php(903): App\Controllers\Course->__construct()
 2 SYSTEMPATH\CodeIgniter.php(498): CodeIgniter\CodeIgniter->createController()
 3 SYSTEMPATH\CodeIgniter.php(354): CodeIgniter\CodeIgniter->handleRequest(null, Object(Config\Cache), false)
 4 SYSTEMPATH\Boot.php(363): CodeIgniter\CodeIgniter->run()
 5 SYSTEMPATH\Boot.php(68): CodeIgniter\Boot::runCodeIgniter(Object(CodeIgniter\CodeIgniter))
 6 FCPATH\index.php(59): CodeIgniter\Boot::bootWeb(Object(Config\Paths))
WARNING - 2025-11-28 17:08:30 --> [DEPRECATED] Creation of dynamic property App\Controllers\Course::$enrollmentModel is deprecated in APPPATH\Controllers\Course.php on line 17.
 1 SYSTEMPATH\CodeIgniter.php(903): App\Controllers\Course->__construct()
 2 SYSTEMPATH\CodeIgniter.php(498): CodeIgniter\CodeIgniter->createController()
 3 SYSTEMPATH\CodeIgniter.php(354): CodeIgniter\CodeIgniter->handleRequest(null, Object(Config\Cache), false)
 4 SYSTEMPATH\Boot.php(363): CodeIgniter\CodeIgniter->run()
 5 SYSTEMPATH\Boot.php(68): CodeIgniter\Boot::runCodeIgniter(Object(CodeIgniter\CodeIgniter))
 6 FCPATH\index.php(59): CodeIgniter\Boot::bootWeb(Object(Config\Paths))
DEBUG - 2025-11-28 17:08:38 --> Session: Class initialized using 'App\Libraries\CustomSessionHandler' driver.
WARNING - 2025-11-28 17:08:38 --> [DEPRECATED] Creation of dynamic property App\Controllers\Course::$materialModel is deprecated in APPPATH\Controllers\Course.php on line 16.
 1 SYSTEMPATH\CodeIgniter.php(903): App\Controllers\Course->__construct()
 2 SYSTEMPATH\CodeIgniter.php(498): CodeIgniter\CodeIgniter->createController()
 3 SYSTEMPATH\CodeIgniter.php(354): CodeIgniter\CodeIgniter->handleRequest(null, Object(Config\Cache), false)
 4 SYSTEMPATH\Boot.php(363): CodeIgniter\CodeIgniter->run()
 5 SYSTEMPATH\Boot.php(68): CodeIgniter\Boot::runCodeIgniter(Object(CodeIgniter\CodeIgniter))
 6 FCPATH\index.php(59): CodeIgniter\Boot::bootWeb(Object(Config\Paths))
WARNING - 2025-11-28 17:08:38 --> [DEPRECATED] Creation of dynamic property App\Controllers\Course::$enrollmentModel is deprecated in APPPATH\Controllers\Course.php on line 17.
 1 SYSTEMPATH\CodeIgniter.php(903): App\Controllers\Course->__construct()
 2 SYSTEMPATH\CodeIgniter.php(498): CodeIgniter\CodeIgniter->createController()
 3 SYSTEMPATH\CodeIgniter.php(354): CodeIgniter\CodeIgniter->handleRequest(null, Object(Config\Cache), false)
 4 SYSTEMPATH\Boot.php(363): CodeIgniter\CodeIgniter->run()
 5 SYSTEMPATH\Boot.php(68): CodeIgniter\Boot::runCodeIgniter(Object(CodeIgniter\CodeIgniter))
 6 FCPATH\index.php(59): CodeIgniter\Boot::bootWeb(Object(Config\Paths))
DEBUG - 2025-11-28 17:09:12 --> Session: Class initialized using 'App\Libraries\CustomSessionHandler' driver.
DEBUG - 2025-11-28 17:10:12 --> Session: Class initialized using 'App\Libraries\CustomSessionHandler' driver.
DEBUG - 2025-11-28 17:10:35 --> Session: Class initialized using 'App\Libraries\CustomSessionHandler' driver.
DEBUG - 2025-11-28 17:10:36 --> Session: Class initialized using 'App\Libraries\CustomSessionHandler' driver.
DEBUG - 2025-11-28 17:10:41 --> Session: Class initialized using 'App\Libraries\CustomSessionHandler' driver.
DEBUG - 2025-11-28 17:10:41 --> Session: Class initialized using 'App\Libraries\CustomSessionHandler' driver.
DEBUG - 2025-11-28 17:10:42 --> Session: Class initialized using 'App\Libraries\CustomSessionHandler' driver.
DEBUG - 2025-11-28 17:10:47 --> Session: Class initialized using 'App\Libraries\CustomSessionHandler' driver.
DEBUG - 2025-11-28 17:10:48 --> Session: Class initialized using 'App\Libraries\CustomSessionHandler' driver.
DEBUG - 2025-11-28 17:10:51 --> Session: Class initialized using 'App\Libraries\CustomSessionHandler' driver.
DEBUG - 2025-11-28 17:11:13 --> Session: Class initialized using 'App\Libraries\CustomSessionHandler' driver.
DEBUG - 2025-11-28 17:12:12 --> Session: Class initialized using 'App\Libraries\CustomSessionHandler' driver.
DEBUG - 2025-11-28 17:13:13 --> Session: Class initialized using 'App\Libraries\CustomSessionHandler' driver.
DEBUG - 2025-11-28 17:14:14 --> Session: Class initialized using 'App\Libraries\CustomSessionHandler' driver.
DEBUG - 2025-11-28 17:15:15 --> Session: Class initialized using 'App\Libraries\CustomSessionHandler' driver.
DEBUG - 2025-11-28 17:16:16 --> Session: Class initialized using 'App\Libraries\CustomSessionHandler' driver.
DEBUG - 2025-11-28 17:16:31 --> Session: Class initialized using 'App\Libraries\CustomSessionHandler' driver.
DEBUG - 2025-11-28 17:16:31 --> Session: Class initialized using 'App\Libraries\CustomSessionHandler' driver.
DEBUG - 2025-11-28 17:16:32 --> Session: Class initialized using 'App\Libraries\CustomSessionHandler' driver.
DEBUG - 2025-11-28 17:16:33 --> Session: Class initialized using 'App\Libraries\CustomSessionHandler' driver.
DEBUG - 2025-11-28 17:16:33 --> Session: Class initialized using 'App\Libraries\CustomSessionHandler' driver.
DEBUG - 2025-11-28 17:16:33 --> Session: Class initialized using 'App\Libraries\CustomSessionHandler' driver.
DEBUG - 2025-11-28 17:16:35 --> Session: Class initialized using 'App\Libraries\CustomSessionHandler' driver.
DEBUG - 2025-11-28 17:16:35 --> Session: Class initialized using 'App\Libraries\CustomSessionHandler' driver.
DEBUG - 2025-11-28 17:16:37 --> Session: Class initialized using 'App\Libraries\CustomSessionHandler' driver.
DEBUG - 2025-11-28 17:16:37 --> Session: Class initialized using 'App\Libraries\CustomSessionHandler' driver.
DEBUG - 2025-11-28 17:16:39 --> Session: Class initialized using 'App\Libraries\CustomSessionHandler' driver.
DEBUG - 2025-11-28 17:16:39 --> Session: Class initialized using 'App\Libraries\CustomSessionHandler' driver.
DEBUG - 2025-11-28 17:16:41 --> Session: Class initialized using 'App\Libraries\CustomSessionHandler' driver.
DEBUG - 2025-11-28 17:16:42 --> Session: Class initialized using 'App\Libraries\CustomSessionHandler' driver.
DEBUG - 2025-11-28 17:16:43 --> Session: Class initialized using 'App\Libraries\CustomSessionHandler' driver.
DEBUG - 2025-11-28 17:16:43 --> Session: Class initialized using 'App\Libraries\CustomSessionHandler' driver.
DEBUG - 2025-11-28 17:16:43 --> Session: Class initialized using 'App\Libraries\CustomSessionHandler' driver.
DEBUG - 2025-11-28 17:17:09 --> Session: Class initialized using 'App\Libraries\CustomSessionHandler' driver.
WARNING - 2025-11-28 17:17:09 --> [DEPRECATED] Creation of dynamic property App\Controllers\Course::$materialModel is deprecated in APPPATH\Controllers\Course.php on line 16.
 1 SYSTEMPATH\CodeIgniter.php(903): App\Controllers\Course->__construct()
 2 SYSTEMPATH\CodeIgniter.php(498): CodeIgniter\CodeIgniter->createController()
 3 SYSTEMPATH\CodeIgniter.php(354): CodeIgniter\CodeIgniter->handleRequest(null, Object(Config\Cache), false)
 4 SYSTEMPATH\Boot.php(363): CodeIgniter\CodeIgniter->run()
 5 SYSTEMPATH\Boot.php(68): CodeIgniter\Boot::runCodeIgniter(Object(CodeIgniter\CodeIgniter))
 6 FCPATH\index.php(59): CodeIgniter\Boot::bootWeb(Object(Config\Paths))
WARNING - 2025-11-28 17:17:09 --> [DEPRECATED] Creation of dynamic property App\Controllers\Course::$enrollmentModel is deprecated in APPPATH\Controllers\Course.php on line 17.
 1 SYSTEMPATH\CodeIgniter.php(903): App\Controllers\Course->__construct()
 2 SYSTEMPATH\CodeIgniter.php(498): CodeIgniter\CodeIgniter->createController()
 3 SYSTEMPATH\CodeIgniter.php(354): CodeIgniter\CodeIgniter->handleRequest(null, Object(Config\Cache), false)
 4 SYSTEMPATH\Boot.php(363): CodeIgniter\CodeIgniter->run()
 5 SYSTEMPATH\Boot.php(68): CodeIgniter\Boot::runCodeIgniter(Object(CodeIgniter\CodeIgniter))
 6 FCPATH\index.php(59): CodeIgniter\Boot::bootWeb(Object(Config\Paths))
DEBUG - 2025-11-28 17:17:09 --> Session: Class initialized using 'App\Libraries\CustomSessionHandler' driver.
DEBUG - 2025-11-28 17:17:12 --> Session: Class initialized using 'App\Libraries\CustomSessionHandler' driver.
WARNING - 2025-11-28 17:17:12 --> [DEPRECATED] Creation of dynamic property App\Controllers\Course::$materialModel is deprecated in APPPATH\Controllers\Course.php on line 16.
 1 SYSTEMPATH\CodeIgniter.php(903): App\Controllers\Course->__construct()
 2 SYSTEMPATH\CodeIgniter.php(498): CodeIgniter\CodeIgniter->createController()
 3 SYSTEMPATH\CodeIgniter.php(354): CodeIgniter\CodeIgniter->handleRequest(null, Object(Config\Cache), false)
 4 SYSTEMPATH\Boot.php(363): CodeIgniter\CodeIgniter->run()
 5 SYSTEMPATH\Boot.php(68): CodeIgniter\Boot::runCodeIgniter(Object(CodeIgniter\CodeIgniter))
 6 FCPATH\index.php(59): CodeIgniter\Boot::bootWeb(Object(Config\Paths))
WARNING - 2025-11-28 17:17:12 --> [DEPRECATED] Creation of dynamic property App\Controllers\Course::$enrollmentModel is deprecated in APPPATH\Controllers\Course.php on line 17.
 1 SYSTEMPATH\CodeIgniter.php(903): App\Controllers\Course->__construct()
 2 SYSTEMPATH\CodeIgniter.php(498): CodeIgniter\CodeIgniter->createController()
 3 SYSTEMPATH\CodeIgniter.php(354): CodeIgniter\CodeIgniter->handleRequest(null, Object(Config\Cache), false)
 4 SYSTEMPATH\Boot.php(363): CodeIgniter\CodeIgniter->run()
 5 SYSTEMPATH\Boot.php(68): CodeIgniter\Boot::runCodeIgniter(Object(CodeIgniter\CodeIgniter))
 6 FCPATH\index.php(59): CodeIgniter\Boot::bootWeb(Object(Config\Paths))
DEBUG - 2025-11-28 17:17:20 --> Session: Class initialized using 'App\Libraries\CustomSessionHandler' driver.
WARNING - 2025-11-28 17:17:20 --> [DEPRECATED] Creation of dynamic property App\Controllers\Course::$materialModel is deprecated in APPPATH\Controllers\Course.php on line 16.
 1 SYSTEMPATH\CodeIgniter.php(903): App\Controllers\Course->__construct()
 2 SYSTEMPATH\CodeIgniter.php(498): CodeIgniter\CodeIgniter->createController()
 3 SYSTEMPATH\CodeIgniter.php(354): CodeIgniter\CodeIgniter->handleRequest(null, Object(Config\Cache), false)
 4 SYSTEMPATH\Boot.php(363): CodeIgniter\CodeIgniter->run()
 5 SYSTEMPATH\Boot.php(68): CodeIgniter\Boot::runCodeIgniter(Object(CodeIgniter\CodeIgniter))
 6 FCPATH\index.php(59): CodeIgniter\Boot::bootWeb(Object(Config\Paths))
WARNING - 2025-11-28 17:17:20 --> [DEPRECATED] Creation of dynamic property App\Controllers\Course::$enrollmentModel is deprecated in APPPATH\Controllers\Course.php on line 17.
 1 SYSTEMPATH\CodeIgniter.php(903): App\Controllers\Course->__construct()
 2 SYSTEMPATH\CodeIgniter.php(498): CodeIgniter\CodeIgniter->createController()
 3 SYSTEMPATH\CodeIgniter.php(354): CodeIgniter\CodeIgniter->handleRequest(null, Object(Config\Cache), false)
 4 SYSTEMPATH\Boot.php(363): CodeIgniter\CodeIgniter->run()
 5 SYSTEMPATH\Boot.php(68): CodeIgniter\Boot::runCodeIgniter(Object(CodeIgniter\CodeIgniter))
 6 FCPATH\index.php(59): CodeIgniter\Boot::bootWeb(Object(Config\Paths))
DEBUG - 2025-11-28 17:17:44 --> Session: Class initialized using 'App\Libraries\CustomSessionHandler' driver.
DEBUG - 2025-11-28 17:18:10 --> Session: Class initialized using 'App\Libraries\CustomSessionHandler' driver.
DEBUG - 2025-11-28 17:18:44 --> Session: Class initialized using 'App\Libraries\CustomSessionHandler' driver.
DEBUG - 2025-11-28 17:19:10 --> Session: Class initialized using 'App\Libraries\CustomSessionHandler' driver.
DEBUG - 2025-11-28 17:19:44 --> Session: Class initialized using 'App\Libraries\CustomSessionHandler' driver.
DEBUG - 2025-11-28 17:20:10 --> Session: Class initialized using 'App\Libraries\CustomSessionHandler' driver.
DEBUG - 2025-11-28 17:20:39 --> Session: Class initialized using 'App\Libraries\CustomSessionHandler' driver.
WARNING - 2025-11-28 17:20:39 --> [DEPRECATED] Creation of dynamic property App\Controllers\Course::$materialModel is deprecated in APPPATH\Controllers\Course.php on line 16.
 1 SYSTEMPATH\CodeIgniter.php(903): App\Controllers\Course->__construct()
 2 SYSTEMPATH\CodeIgniter.php(498): CodeIgniter\CodeIgniter->createController()
 3 SYSTEMPATH\CodeIgniter.php(354): CodeIgniter\CodeIgniter->handleRequest(null, Object(Config\Cache), false)
 4 SYSTEMPATH\Boot.php(363): CodeIgniter\CodeIgniter->run()
 5 SYSTEMPATH\Boot.php(68): CodeIgniter\Boot::runCodeIgniter(Object(CodeIgniter\CodeIgniter))
 6 FCPATH\index.php(59): CodeIgniter\Boot::bootWeb(Object(Config\Paths))
WARNING - 2025-11-28 17:20:39 --> [DEPRECATED] Creation of dynamic property App\Controllers\Course::$enrollmentModel is deprecated in APPPATH\Controllers\Course.php on line 17.
 1 SYSTEMPATH\CodeIgniter.php(903): App\Controllers\Course->__construct()
 2 SYSTEMPATH\CodeIgniter.php(498): CodeIgniter\CodeIgniter->createController()
 3 SYSTEMPATH\CodeIgniter.php(354): CodeIgniter\CodeIgniter->handleRequest(null, Object(Config\Cache), false)
 4 SYSTEMPATH\Boot.php(363): CodeIgniter\CodeIgniter->run()
 5 SYSTEMPATH\Boot.php(68): CodeIgniter\Boot::runCodeIgniter(Object(CodeIgniter\CodeIgniter))
 6 FCPATH\index.php(59): CodeIgniter\Boot::bootWeb(Object(Config\Paths))
DEBUG - 2025-11-28 17:20:39 --> Session: Class initialized using 'App\Libraries\CustomSessionHandler' driver.
DEBUG - 2025-11-28 17:20:39 --> Session: Class initialized using 'App\Libraries\CustomSessionHandler' driver.
WARNING - 2025-11-28 17:20:39 --> [DEPRECATED] Creation of dynamic property App\Controllers\Course::$materialModel is deprecated in APPPATH\Controllers\Course.php on line 16.
 1 SYSTEMPATH\CodeIgniter.php(903): App\Controllers\Course->__construct()
 2 SYSTEMPATH\CodeIgniter.php(498): CodeIgniter\CodeIgniter->createController()
 3 SYSTEMPATH\CodeIgniter.php(354): CodeIgniter\CodeIgniter->handleRequest(null, Object(Config\Cache), false)
 4 SYSTEMPATH\Boot.php(363): CodeIgniter\CodeIgniter->run()
 5 SYSTEMPATH\Boot.php(68): CodeIgniter\Boot::runCodeIgniter(Object(CodeIgniter\CodeIgniter))
 6 FCPATH\index.php(59): CodeIgniter\Boot::bootWeb(Object(Config\Paths))
WARNING - 2025-11-28 17:20:39 --> [DEPRECATED] Creation of dynamic property App\Controllers\Course::$enrollmentModel is deprecated in APPPATH\Controllers\Course.php on line 17.
 1 SYSTEMPATH\CodeIgniter.php(903): App\Controllers\Course->__construct()
 2 SYSTEMPATH\CodeIgniter.php(498): CodeIgniter\CodeIgniter->createController()
 3 SYSTEMPATH\CodeIgniter.php(354): CodeIgniter\CodeIgniter->handleRequest(null, Object(Config\Cache), false)
 4 SYSTEMPATH\Boot.php(363): CodeIgniter\CodeIgniter->run()
 5 SYSTEMPATH\Boot.php(68): CodeIgniter\Boot::runCodeIgniter(Object(CodeIgniter\CodeIgniter))
 6 FCPATH\index.php(59): CodeIgniter\Boot::bootWeb(Object(Config\Paths))
DEBUG - 2025-11-28 17:20:39 --> Session: Class initialized using 'App\Libraries\CustomSessionHandler' driver.
DEBUG - 2025-11-28 17:20:39 --> Session: Class initialized using 'App\Libraries\CustomSessionHandler' driver.
WARNING - 2025-11-28 17:20:39 --> [DEPRECATED] Creation of dynamic property App\Controllers\Course::$materialModel is deprecated in APPPATH\Controllers\Course.php on line 16.
 1 SYSTEMPATH\CodeIgniter.php(903): App\Controllers\Course->__construct()
 2 SYSTEMPATH\CodeIgniter.php(498): CodeIgniter\CodeIgniter->createController()
 3 SYSTEMPATH\CodeIgniter.php(354): CodeIgniter\CodeIgniter->handleRequest(null, Object(Config\Cache), false)
 4 SYSTEMPATH\Boot.php(363): CodeIgniter\CodeIgniter->run()
 5 SYSTEMPATH\Boot.php(68): CodeIgniter\Boot::runCodeIgniter(Object(CodeIgniter\CodeIgniter))
 6 FCPATH\index.php(59): CodeIgniter\Boot::bootWeb(Object(Config\Paths))
WARNING - 2025-11-28 17:20:39 --> [DEPRECATED] Creation of dynamic property App\Controllers\Course::$enrollmentModel is deprecated in APPPATH\Controllers\Course.php on line 17.
 1 SYSTEMPATH\CodeIgniter.php(903): App\Controllers\Course->__construct()
 2 SYSTEMPATH\CodeIgniter.php(498): CodeIgniter\CodeIgniter->createController()
 3 SYSTEMPATH\CodeIgniter.php(354): CodeIgniter\CodeIgniter->handleRequest(null, Object(Config\Cache), false)
 4 SYSTEMPATH\Boot.php(363): CodeIgniter\CodeIgniter->run()
 5 SYSTEMPATH\Boot.php(68): CodeIgniter\Boot::runCodeIgniter(Object(CodeIgniter\CodeIgniter))
 6 FCPATH\index.php(59): CodeIgniter\Boot::bootWeb(Object(Config\Paths))
DEBUG - 2025-11-28 17:20:40 --> Session: Class initialized using 'App\Libraries\CustomSessionHandler' driver.
WARNING - 2025-11-28 17:20:40 --> [DEPRECATED] Creation of dynamic property App\Controllers\Course::$materialModel is deprecated in APPPATH\Controllers\Course.php on line 16.
 1 SYSTEMPATH\CodeIgniter.php(903): App\Controllers\Course->__construct()
 2 SYSTEMPATH\CodeIgniter.php(498): CodeIgniter\CodeIgniter->createController()
 3 SYSTEMPATH\CodeIgniter.php(354): CodeIgniter\CodeIgniter->handleRequest(null, Object(Config\Cache), false)
 4 SYSTEMPATH\Boot.php(363): CodeIgniter\CodeIgniter->run()
 5 SYSTEMPATH\Boot.php(68): CodeIgniter\Boot::runCodeIgniter(Object(CodeIgniter\CodeIgniter))
 6 FCPATH\index.php(59): CodeIgniter\Boot::bootWeb(Object(Config\Paths))
WARNING - 2025-11-28 17:20:40 --> [DEPRECATED] Creation of dynamic property App\Controllers\Course::$enrollmentModel is deprecated in APPPATH\Controllers\Course.php on line 17.
 1 SYSTEMPATH\CodeIgniter.php(903): App\Controllers\Course->__construct()
 2 SYSTEMPATH\CodeIgniter.php(498): CodeIgniter\CodeIgniter->createController()
 3 SYSTEMPATH\CodeIgniter.php(354): CodeIgniter\CodeIgniter->handleRequest(null, Object(Config\Cache), false)
 4 SYSTEMPATH\Boot.php(363): CodeIgniter\CodeIgniter->run()
 5 SYSTEMPATH\Boot.php(68): CodeIgniter\Boot::runCodeIgniter(Object(CodeIgniter\CodeIgniter))
 6 FCPATH\index.php(59): CodeIgniter\Boot::bootWeb(Object(Config\Paths))
DEBUG - 2025-11-28 17:20:40 --> Session: Class initialized using 'App\Libraries\CustomSessionHandler' driver.
DEBUG - 2025-11-28 17:20:40 --> Session: Class initialized using 'App\Libraries\CustomSessionHandler' driver.
DEBUG - 2025-11-28 17:20:44 --> Session: Class initialized using 'App\Libraries\CustomSessionHandler' driver.
DEBUG - 2025-11-28 17:21:26 --> Session: Class initialized using 'App\Libraries\CustomSessionHandler' driver.
ERROR - 2025-11-28 17:21:26 --> mysqli_sql_exception: Unknown column 'order' in 'order clause' in C:\xampp\htdocs\ITE311-LUMABAO\system\Database\MySQLi\Connection.php:327
Stack trace:
#0 C:\xampp\htdocs\ITE311-LUMABAO\system\Database\MySQLi\Connection.php(327): mysqli->query('SELECT *\nFROM `...', 0)
#1 C:\xampp\htdocs\ITE311-LUMABAO\system\Database\BaseConnection.php(729): CodeIgniter\Database\MySQLi\Connection->execute('SELECT *\nFROM `...')
#2 C:\xampp\htdocs\ITE311-LUMABAO\system\Database\BaseConnection.php(646): CodeIgniter\Database\BaseConnection->simpleQuery('SELECT *\nFROM `...')
#3 C:\xampp\htdocs\ITE311-LUMABAO\system\Database\BaseBuilder.php(1649): CodeIgniter\Database\BaseConnection->query('SELECT *\nFROM `...', Array, false)
#4 C:\xampp\htdocs\ITE311-LUMABAO\app\Controllers\Student.php(83): CodeIgniter\Database\BaseBuilder->get()
#5 C:\xampp\htdocs\ITE311-LUMABAO\system\CodeIgniter.php(933): App\Controllers\Student->courseDetails('10')
#6 C:\xampp\htdocs\ITE311-LUMABAO\system\CodeIgniter.php(507): CodeIgniter\CodeIgniter->runController(Object(App\Controllers\Student))
#7 C:\xampp\htdocs\ITE311-LUMABAO\system\CodeIgniter.php(354): CodeIgniter\CodeIgniter->handleRequest(NULL, Object(Config\Cache), false)
#8 C:\xampp\htdocs\ITE311-LUMABAO\system\Boot.php(363): CodeIgniter\CodeIgniter->run()
#9 C:\xampp\htdocs\ITE311-LUMABAO\system\Boot.php(68): CodeIgniter\Boot::runCodeIgniter(Object(CodeIgniter\CodeIgniter))
#10 C:\xampp\htdocs\ITE311-LUMABAO\public\index.php(59): CodeIgniter\Boot::bootWeb(Object(Config\Paths))
#11 {main}
CRITICAL - 2025-11-28 17:21:26 --> CodeIgniter\Database\Exceptions\DatabaseException: Unknown column 'order' in 'order clause'
[Method: GET, Route: student/courses/10]
in SYSTEMPATH\Database\BaseConnection.php on line 684.
 1 SYSTEMPATH\Database\BaseBuilder.php(1649): CodeIgniter\Database\BaseConnection->query('SELECT *
FROM `lessons`
WHERE `course_id` = :course_id:
ORDER BY `order` ASC', [...], false)
 2 APPPATH\Controllers\Student.php(83): CodeIgniter\Database\BaseBuilder->get()
 3 SYSTEMPATH\CodeIgniter.php(933): App\Controllers\Student->courseDetails('10')
 4 SYSTEMPATH\CodeIgniter.php(507): CodeIgniter\CodeIgniter->runController(Object(App\Controllers\Student))
 5 SYSTEMPATH\CodeIgniter.php(354): CodeIgniter\CodeIgniter->handleRequest(null, Object(Config\Cache), false)
 6 SYSTEMPATH\Boot.php(363): CodeIgniter\CodeIgniter->run()
 7 SYSTEMPATH\Boot.php(68): CodeIgniter\Boot::runCodeIgniter(Object(CodeIgniter\CodeIgniter))
 8 FCPATH\index.php(59): CodeIgniter\Boot::bootWeb(Object(Config\Paths))
CRITICAL - 2025-11-28 17:21:26 --> [Caused by] CodeIgniter\Database\Exceptions\DatabaseException: Unknown column 'order' in 'order clause'
in SYSTEMPATH\Database\MySQLi\Connection.php on line 332.
 1 SYSTEMPATH\Database\BaseConnection.php(729): CodeIgniter\Database\MySQLi\Connection->execute('SELECT *
FROM `lessons`
WHERE `course_id` = \'10\'
ORDER BY `order` ASC')
 2 SYSTEMPATH\Database\BaseConnection.php(646): CodeIgniter\Database\BaseConnection->simpleQuery('SELECT *
FROM `lessons`
WHERE `course_id` = \'10\'
ORDER BY `order` ASC')
 3 SYSTEMPATH\Database\BaseBuilder.php(1649): CodeIgniter\Database\BaseConnection->query('SELECT *
FROM `lessons`
WHERE `course_id` = :course_id:
ORDER BY `order` ASC', [...], false)
 4 APPPATH\Controllers\Student.php(83): CodeIgniter\Database\BaseBuilder->get()
 5 SYSTEMPATH\CodeIgniter.php(933): App\Controllers\Student->courseDetails('10')
 6 SYSTEMPATH\CodeIgniter.php(507): CodeIgniter\CodeIgniter->runController(Object(App\Controllers\Student))
 7 SYSTEMPATH\CodeIgniter.php(354): CodeIgniter\CodeIgniter->handleRequest(null, Object(Config\Cache), false)
 8 SYSTEMPATH\Boot.php(363): CodeIgniter\CodeIgniter->run()
 9 SYSTEMPATH\Boot.php(68): CodeIgniter\Boot::runCodeIgniter(Object(CodeIgniter\CodeIgniter))
10 FCPATH\index.php(59): CodeIgniter\Boot::bootWeb(Object(Config\Paths))
CRITICAL - 2025-11-28 17:21:26 --> [Caused by] mysqli_sql_exception: Unknown column 'order' in 'order clause'
in SYSTEMPATH\Database\MySQLi\Connection.php on line 327.
 1 SYSTEMPATH\Database\MySQLi\Connection.php(327): mysqli->query('SELECT *
FROM `lessons`
WHERE `course_id` = \'10\'
ORDER BY `order` ASC', 0)
 2 SYSTEMPATH\Database\BaseConnection.php(729): CodeIgniter\Database\MySQLi\Connection->execute('SELECT *
FROM `lessons`
WHERE `course_id` = \'10\'
ORDER BY `order` ASC')
 3 SYSTEMPATH\Database\BaseConnection.php(646): CodeIgniter\Database\BaseConnection->simpleQuery('SELECT *
FROM `lessons`
WHERE `course_id` = \'10\'
ORDER BY `order` ASC')
 4 SYSTEMPATH\Database\BaseBuilder.php(1649): CodeIgniter\Database\BaseConnection->query('SELECT *
FROM `lessons`
WHERE `course_id` = :course_id:
ORDER BY `order` ASC', [...], false)
 5 APPPATH\Controllers\Student.php(83): CodeIgniter\Database\BaseBuilder->get()
 6 SYSTEMPATH\CodeIgniter.php(933): App\Controllers\Student->courseDetails('10')
 7 SYSTEMPATH\CodeIgniter.php(507): CodeIgniter\CodeIgniter->runController(Object(App\Controllers\Student))
 8 SYSTEMPATH\CodeIgniter.php(354): CodeIgniter\CodeIgniter->handleRequest(null, Object(Config\Cache), false)
 9 SYSTEMPATH\Boot.php(363): CodeIgniter\CodeIgniter->run()
10 SYSTEMPATH\Boot.php(68): CodeIgniter\Boot::runCodeIgniter(Object(CodeIgniter\CodeIgniter))
11 FCPATH\index.php(59): CodeIgniter\Boot::bootWeb(Object(Config\Paths))
DEBUG - 2025-11-28 17:21:28 --> Session: Class initialized using 'App\Libraries\CustomSessionHandler' driver.
DEBUG - 2025-11-28 17:21:28 --> Session: Class initialized using 'App\Libraries\CustomSessionHandler' driver.
DEBUG - 2025-11-28 17:21:40 --> Session: Class initialized using 'App\Libraries\CustomSessionHandler' driver.
DEBUG - 2025-11-28 17:22:28 --> Session: Class initialized using 'App\Libraries\CustomSessionHandler' driver.
DEBUG - 2025-11-28 17:22:40 --> Session: Class initialized using 'App\Libraries\CustomSessionHandler' driver.
DEBUG - 2025-11-28 17:23:28 --> Session: Class initialized using 'App\Libraries\CustomSessionHandler' driver.
DEBUG - 2025-11-28 17:23:40 --> Session: Class initialized using 'App\Libraries\CustomSessionHandler' driver.
DEBUG - 2025-11-28 17:24:28 --> Session: Class initialized using 'App\Libraries\CustomSessionHandler' driver.
DEBUG - 2025-11-28 17:24:40 --> Session: Class initialized using 'App\Libraries\CustomSessionHandler' driver.
DEBUG - 2025-11-28 17:25:28 --> Session: Class initialized using 'App\Libraries\CustomSessionHandler' driver.
DEBUG - 2025-11-28 17:25:40 --> Session: Class initialized using 'App\Libraries\CustomSessionHandler' driver.
DEBUG - 2025-11-28 17:26:28 --> Session: Class initialized using 'App\Libraries\CustomSessionHandler' driver.
DEBUG - 2025-11-28 17:26:40 --> Session: Class initialized using 'App\Libraries\CustomSessionHandler' driver.
DEBUG - 2025-11-28 17:27:28 --> Session: Class initialized using 'App\Libraries\CustomSessionHandler' driver.
DEBUG - 2025-11-28 17:27:41 --> Session: Class initialized using 'App\Libraries\CustomSessionHandler' driver.
